#
# A fatal error has been detected by the Java Runtime Environment:
#
#  SIGSEGV (0xb) at pc=0x000000010a458d41, pid=13503, tid=23047
#
# JRE version: Java(TM) SE Runtime Environment (11.0.3+12) (build 11.0.3+12-LTS)
# Java VM: Java HotSpot(TM) 64-Bit Server VM (11.0.3+12-LTS, mixed mode, tiered, compressed oops, g1 gc, bsd-amd64)
# Problematic frame:
# V  [libjvm.dylib+0x658d41]  ResolvedMethodTable::add_method(Handle)+0x65
#
# No core dump will be written. Core dumps have been disabled. To enable core dumping, try "ulimit -c unlimited" before starting Java again
#
# If you would like to submit a bug report, please visit:
#   http://bugreport.java.com/bugreport/crash.jsp
#

---------------  S U M M A R Y ------------

Command Line: -agentlib:jdwp=transport=dt_socket,suspend=y,address=localhost:57243 -javaagent:/Users/richardmarais/Applications/eclipse/jee-2019-03/Eclipse.app/Contents/Eclipse/configuration/org.eclipse.osgi/402/0/.cp/lib/javaagent-shaded.jar -Dfile.encoding=UTF-8 com.filetransfer.transfer.DirectoryReceiver

Host: MacBookPro13,3 x86_64 2600 MHz, 8 cores, 16G, Darwin 18.5.0
Time: Sun May 12 19:19:38 2019 SAST elapsed time: 222 seconds (0d 0h 3m 42s)

---------------  T H R E A D  ---------------

Current thread (0x00007f99df17a000):  JavaThread "Thread-0" [_thread_in_vm, id=23047, stack(0x000070000cb15000,0x000070000cc15000)]

Stack: [0x000070000cb15000,0x000070000cc15000],  sp=0x000070000cc11f20,  free space=1011k
Native frames: (J=compiled Java code, A=aot compiled Java code, j=interpreted, Vv=VM code, C=native code)
V  [libjvm.dylib+0x658d41]  ResolvedMethodTable::add_method(Handle)+0x65
V  [libjvm.dylib+0x4f2908]  CallInfo::set_resolved_method_name(Thread*)+0x5a
V  [libjvm.dylib+0x4f280d]  CallInfo::CallInfo(Method*, Klass*, Thread*)+0x1ab
V  [libjvm.dylib+0x3a353a]  java_lang_StackFrameInfo::set_method_and_bci(Handle, methodHandle const&, int, Thread*)+0x7a
V  [libjvm.dylib+0x689ad8]  StackWalk::fill_in_frames(long, BaseFrameStream&, int, int, objArrayHandle, int&, Thread*)+0x310
V  [libjvm.dylib+0x68aa2a]  StackWalk::fetchNextBatch(Handle, long, long, int, int, objArrayHandle, Thread*)+0xd8
V  [libjvm.dylib+0x41412c]  JVM_MoreStackWalk+0x198
j  java.lang.StackStreamFactory$AbstractStackWalker.fetchStackFrames(JJII[Ljava/lang/Object;)I+0 java.base@11.0.3
j  java.lang.StackStreamFactory$AbstractStackWalker.fetchStackFrames(I)I+35 java.base@11.0.3
j  java.lang.StackStreamFactory$AbstractStackWalker.getNextBatch()I+61 java.base@11.0.3
j  java.lang.StackStreamFactory$AbstractStackWalker.peekFrame()Ljava/lang/Class;+32 java.base@11.0.3
j  java.lang.StackStreamFactory$AbstractStackWalker.hasNext()Z+1 java.base@11.0.3
j  java.lang.StackStreamFactory$StackFrameTraverser.tryAdvance(Ljava/util/function/Consumer;)Z+16 java.base@11.0.3
j  java.util.stream.ReferencePipeline.forEachWithCancel(Ljava/util/Spliterator;Ljava/util/stream/Sink;)Z+13 java.base@11.0.3
j  java.util.stream.AbstractPipeline.copyIntoWithCancel(Ljava/util/stream/Sink;Ljava/util/Spliterator;)Z+32 java.base@11.0.3
j  java.util.stream.AbstractPipeline.copyInto(Ljava/util/stream/Sink;Ljava/util/Spliterator;)V+49 java.base@11.0.3
j  java.util.stream.AbstractPipeline.wrapAndCopyInto(Ljava/util/stream/Sink;Ljava/util/Spliterator;)Ljava/util/stream/Sink;+13 java.base@11.0.3
j  java.util.stream.FindOps$FindOp.evaluateSequential(Ljava/util/stream/PipelineHelper;Ljava/util/Spliterator;)Ljava/lang/Object;+14 java.base@11.0.3
j  java.util.stream.AbstractPipeline.evaluate(Ljava/util/stream/TerminalOp;)Ljava/lang/Object;+88 java.base@11.0.3
j  java.util.stream.ReferencePipeline.findFirst()Ljava/util/Optional;+5 java.base@11.0.3
j  java.util.logging.LogRecord$CallerFinder.lambda$get$1(Ljava/util/stream/Stream;)Ljava/util/Optional;+7 java.logging@11.0.3
j  java.util.logging.LogRecord$CallerFinder$$Lambda$23.apply(Ljava/lang/Object;)Ljava/lang/Object;+8 java.logging@11.0.3
j  java.lang.StackStreamFactory$StackFrameTraverser.consumeFrames()Ljava/lang/Object;+25 java.base@11.0.3
j  java.lang.StackStreamFactory$AbstractStackWalker.doStackWalk(JIIII)Ljava/lang/Object;+78 java.base@11.0.3
v  ~StubRoutines::call_stub
V  [libjvm.dylib+0x39d15a]  JavaCalls::call_helper(JavaValue*, methodHandle const&, JavaCallArguments*, Thread*)+0x21a
V  [libjvm.dylib+0x68a86c]  StackWalk::fetchFirstBatch(BaseFrameStream&, Handle, long, int, int, int, objArrayHandle, Thread*)+0x38a
V  [libjvm.dylib+0x68a4bc]  StackWalk::walk(Handle, long, int, int, int, objArrayHandle, Thread*)+0x114
V  [libjvm.dylib+0x413f76]  JVM_CallStackWalk+0x233
j  java.lang.StackStreamFactory$AbstractStackWalker.callStackWalk(JIII[Ljava/lang/Object;)Ljava/lang/Object;+0 java.base@11.0.3
j  java.lang.StackStreamFactory$AbstractStackWalker.beginStackWalk()Ljava/lang/Object;+31 java.base@11.0.3
j  java.lang.StackStreamFactory$AbstractStackWalker.walk()Ljava/lang/Object;+8 java.base@11.0.3
j  java.lang.StackWalker.walk(Ljava/util/function/Function;)Ljava/lang/Object;+10 java.base@11.0.3
j  java.util.logging.LogRecord$CallerFinder.get()Ljava/util/Optional;+9 java.logging@11.0.3
j  java.util.logging.LogRecord.inferCaller()V+12 java.logging@11.0.3
j  java.util.logging.LogRecord.getSourceClassName()Ljava/lang/String;+8 java.logging@11.0.3
j  java.util.logging.SimpleFormatter.format(Ljava/util/logging/LogRecord;)Ljava/lang/String;+12 java.logging@11.0.3
j  java.util.logging.StreamHandler.publish(Ljava/util/logging/LogRecord;)V+14 java.logging@11.0.3
j  java.util.logging.ConsoleHandler.publish(Ljava/util/logging/LogRecord;)V+2 java.logging@11.0.3
j  java.util.logging.Logger.log(Ljava/util/logging/LogRecord;)V+90 java.logging@11.0.3
j  java.util.logging.Logger.doLog(Ljava/util/logging/LogRecord;)V+46 java.logging@11.0.3
j  java.util.logging.Logger.log(Ljava/util/logging/Level;Ljava/lang/String;Ljava/lang/Throwable;)V+29 java.logging@11.0.3
j  com.filetransfer.transfer.FileRequester.getFile(Ljava/lang/String;)Ljava/lang/Object;+159
j  com.filetransfer.filesystem.DirectoryWriter.getAndCreateFile(Ljava/lang/String;)V+1
j  com.filetransfer.filesystem.DirectoryWriter.writeNodes(Ljava/lang/String;Ljava/util/Map;)V+103
j  com.filetransfer.transfer.DirectoryReceiverThread.process(Ljava/util/Map;)V+42
j  com.filetransfer.transfer.DirectoryReceiverThread.run()V+24
v  ~StubRoutines::call_stub
V  [libjvm.dylib+0x39d15a]  JavaCalls::call_helper(JavaValue*, methodHandle const&, JavaCallArguments*, Thread*)+0x21a
V  [libjvm.dylib+0x39c5a4]  JavaCalls::call_virtual(JavaValue*, Klass*, Symbol*, Symbol*, JavaCallArguments*, Thread*)+0xee
V  [libjvm.dylib+0x39c660]  JavaCalls::call_virtual(JavaValue*, Handle, Klass*, Symbol*, Symbol*, Thread*)+0x62
V  [libjvm.dylib+0x4202a0]  thread_entry(JavaThread*, Thread*)+0x78
V  [libjvm.dylib+0x6eebc6]  JavaThread::thread_main_inner()+0x82
V  [libjvm.dylib+0x6eea11]  JavaThread::run()+0x1ab
V  [libjvm.dylib+0x5f1bbf]  thread_native_entry(Thread*)+0x135
C  [libsystem_pthread.dylib+0x32eb]  _pthread_body+0x7e
C  [libsystem_pthread.dylib+0x6249]  _pthread_start+0x42
C  [libsystem_pthread.dylib+0x240d]  thread_start+0xd

Java frames: (J=compiled Java code, j=interpreted, Vv=VM code)
j  java.lang.StackStreamFactory$AbstractStackWalker.fetchStackFrames(JJII[Ljava/lang/Object;)I+0 java.base@11.0.3
j  java.lang.StackStreamFactory$AbstractStackWalker.fetchStackFrames(I)I+35 java.base@11.0.3
j  java.lang.StackStreamFactory$AbstractStackWalker.getNextBatch()I+61 java.base@11.0.3
j  java.lang.StackStreamFactory$AbstractStackWalker.peekFrame()Ljava/lang/Class;+32 java.base@11.0.3
j  java.lang.StackStreamFactory$AbstractStackWalker.hasNext()Z+1 java.base@11.0.3
j  java.lang.StackStreamFactory$StackFrameTraverser.tryAdvance(Ljava/util/function/Consumer;)Z+16 java.base@11.0.3
j  java.util.stream.ReferencePipeline.forEachWithCancel(Ljava/util/Spliterator;Ljava/util/stream/Sink;)Z+13 java.base@11.0.3
j  java.util.stream.AbstractPipeline.copyIntoWithCancel(Ljava/util/stream/Sink;Ljava/util/Spliterator;)Z+32 java.base@11.0.3
j  java.util.stream.AbstractPipeline.copyInto(Ljava/util/stream/Sink;Ljava/util/Spliterator;)V+49 java.base@11.0.3
j  java.util.stream.AbstractPipeline.wrapAndCopyInto(Ljava/util/stream/Sink;Ljava/util/Spliterator;)Ljava/util/stream/Sink;+13 java.base@11.0.3
j  java.util.stream.FindOps$FindOp.evaluateSequential(Ljava/util/stream/PipelineHelper;Ljava/util/Spliterator;)Ljava/lang/Object;+14 java.base@11.0.3
j  java.util.stream.AbstractPipeline.evaluate(Ljava/util/stream/TerminalOp;)Ljava/lang/Object;+88 java.base@11.0.3
j  java.util.stream.ReferencePipeline.findFirst()Ljava/util/Optional;+5 java.base@11.0.3
j  java.util.logging.LogRecord$CallerFinder.lambda$get$1(Ljava/util/stream/Stream;)Ljava/util/Optional;+7 java.logging@11.0.3
j  java.util.logging.LogRecord$CallerFinder$$Lambda$23.apply(Ljava/lang/Object;)Ljava/lang/Object;+8 java.logging@11.0.3
j  java.lang.StackStreamFactory$StackFrameTraverser.consumeFrames()Ljava/lang/Object;+25 java.base@11.0.3
j  java.lang.StackStreamFactory$AbstractStackWalker.doStackWalk(JIIII)Ljava/lang/Object;+78 java.base@11.0.3
v  ~StubRoutines::call_stub
j  java.lang.StackStreamFactory$AbstractStackWalker.callStackWalk(JIII[Ljava/lang/Object;)Ljava/lang/Object;+0 java.base@11.0.3
j  java.lang.StackStreamFactory$AbstractStackWalker.beginStackWalk()Ljava/lang/Object;+31 java.base@11.0.3
j  java.lang.StackStreamFactory$AbstractStackWalker.walk()Ljava/lang/Object;+8 java.base@11.0.3
j  java.lang.StackWalker.walk(Ljava/util/function/Function;)Ljava/lang/Object;+10 java.base@11.0.3
j  java.util.logging.LogRecord$CallerFinder.get()Ljava/util/Optional;+9 java.logging@11.0.3
j  java.util.logging.LogRecord.inferCaller()V+12 java.logging@11.0.3
j  java.util.logging.LogRecord.getSourceClassName()Ljava/lang/String;+8 java.logging@11.0.3
j  java.util.logging.SimpleFormatter.format(Ljava/util/logging/LogRecord;)Ljava/lang/String;+12 java.logging@11.0.3
j  java.util.logging.StreamHandler.publish(Ljava/util/logging/LogRecord;)V+14 java.logging@11.0.3
j  java.util.logging.ConsoleHandler.publish(Ljava/util/logging/LogRecord;)V+2 java.logging@11.0.3
j  java.util.logging.Logger.log(Ljava/util/logging/LogRecord;)V+90 java.logging@11.0.3
j  java.util.logging.Logger.doLog(Ljava/util/logging/LogRecord;)V+46 java.logging@11.0.3
j  java.util.logging.Logger.log(Ljava/util/logging/Level;Ljava/lang/String;Ljava/lang/Throwable;)V+29 java.logging@11.0.3
j  com.filetransfer.transfer.FileRequester.getFile(Ljava/lang/String;)Ljava/lang/Object;+159
j  com.filetransfer.filesystem.DirectoryWriter.getAndCreateFile(Ljava/lang/String;)V+1
j  com.filetransfer.filesystem.DirectoryWriter.writeNodes(Ljava/lang/String;Ljava/util/Map;)V+103
j  com.filetransfer.transfer.DirectoryReceiverThread.process(Ljava/util/Map;)V+42
j  com.filetransfer.transfer.DirectoryReceiverThread.run()V+24
v  ~StubRoutines::call_stub

siginfo: si_signo: 11 (SIGSEGV), si_code: 1 (SEGV_MAPERR), si_addr: 0x0000000000000008

Register to memory mapping:

RAX=0x0000000000000010 is an unknown value
RBX=0x0 is NULL
RCX=0x0000000000000002 is an unknown value
RDX=0x0 is NULL
RSP=0x000070000cc11f20 is pointing into the stack for thread: 0x00007f99df17a000
RBP=0x000070000cc11f40 is pointing into the stack for thread: 0x00007f99df17a000
RSI=0x0000000000000010 is an unknown value
RDI=0x000000070f7d8748 is an oop: java.lang.invoke.ResolvedMethodName 
{0x000000070f7d8748} - klass: 'java/lang/invoke/ResolvedMethodName'
R8 =0x000000012f9f6398 is pointing into metadata
R9 =0x0000000000002800 is an unknown value
R10=0x000000012f9f54a8 is pointing into metadata
R11=0x0000000000000102 is an unknown value
R12=0x00007f99df17a000 is a thread
R13=0x00000000fffffffe is an unknown value
R14=0x00007f99ddd0be00 points into unknown readable memory: 01 00 00 00 00 00 00 00
R15=0x00007f99df135c50 points into unknown readable memory: 48 87 7d 0f 07 00 00 00


Registers:
RAX=0x0000000000000010, RBX=0x0000000000000000, RCX=0x0000000000000002, RDX=0x0000000000000000
RSP=0x000070000cc11f20, RBP=0x000070000cc11f40, RSI=0x0000000000000010, RDI=0x000000070f7d8748
R8 =0x000000012f9f6398, R9 =0x0000000000002800, R10=0x000000012f9f54a8, R11=0x0000000000000102
R12=0x00007f99df17a000, R13=0x00000000fffffffe, R14=0x00007f99ddd0be00, R15=0x00007f99df135c50
RIP=0x000000010a458d41, EFLAGS=0x0000000000010206, ERR=0x0000000000000004
  TRAPNO=0x000000000000000e

Top of Stack: (sp=0x000070000cc11f20)
0x000070000cc11f20:   00007f99df135c50 000070000cc11f60
0x000070000cc11f30:   000070000cc12010 00000008000cbcc0
0x000070000cc11f40:   000070000cc11f90 000000010a2f2908
0x000070000cc11f50:   000070000cc12010 000000012f9f5658
0x000070000cc11f60:   000000012f9f5658 00007f99df17a000
0x000070000cc11f70:   000070000cc12010 000000012f9f5658
0x000070000cc11f80:   0000000000000000 00000008000cbcc0
0x000070000cc11f90:   000070000cc12000 000000010a2f280d
0x000070000cc11fa0:   00007f99ddd84aa0 00007f99df17a000
0x000070000cc11fb0:   000070000cc12030 00000008000cbcc0
0x000070000cc11fc0:   000000012f9f5658 000000012f9f5658
0x000070000cc11fd0:   00007f99df17a000 00007f99df135c48
0x000070000cc11fe0:   00007f99df135c40 00007f99df17a000
0x000070000cc11ff0:   000070000cc12210 000000070f7d8480
0x000070000cc12000:   000070000cc12090 000000010a1a353a
0x000070000cc12010:   00000008000cbcc0 00000008000cbcc0
0x000070000cc12020:   000000012f9f5658 00007f99df17a000
0x000070000cc12030:   000000012f9f5658 00007f99df17a000
0x000070000cc12040:   fffffffe00000000 0000000000000000
0x000070000cc12050:   0000000000000000 0000000000000000
0x000070000cc12060:   0000009f0cc12210 000070000cc12e58
0x000070000cc12070:   000070000cc12e58 000070000cc12210
0x000070000cc12080:   0000000000000003 00007f99df17a000
0x000070000cc12090:   000070000cc122e0 000000010a489ad8
0x000070000cc120a0:   0000000000000005 000000012f9f5658
0x000070000cc120b0:   000070000cc12100 000000010a47dd0f
0x000070000cc120c0:   000000012eef8730 00007f99df17a000
0x000070000cc120d0:   000000010a489e7e 0000000000000000
0x000070000cc120e0:   000070000cc12304 0000000000000000
0x000070000cc120f0:   00007f99dde0f468 000000010a6e1508
0x000070000cc12100:   0000000c00000002 000000010a47e159
0x000070000cc12110:   0000000000000000 0000000000000000 

Instructions: (pc=0x000000010a458d41)
0x000000010a458d21:   0f b7 70 2e e8 ec e2 d2 ff 48 89 c3 4d 85 ff 74
0x000000010a458d31:   05 49 8b 3f eb 02 31 ff 48 89 de e8 2b c9 d4 ff
0x000000010a458d41:   48 8b 43 08 48 8b 40 08 48 8b 40 18 66 81 88 3a
0x000000010a458d51:   01 00 00 00 80 48 8b 3d eb 1b 30 00 48 89 de 4c 

Stack slot to memory mapping:
stack at sp + 0 slots: 0x00007f99df135c50 points into unknown readable memory: 48 87 7d 0f 07 00 00 00
stack at sp + 1 slots: 0x000070000cc11f60 is pointing into the stack for thread: 0x00007f99df17a000
stack at sp + 2 slots: 0x000070000cc12010 is pointing into the stack for thread: 0x00007f99df17a000
stack at sp + 3 slots: 0x00000008000cbcc0 is a pointer to class: 
com.filetransfer.transfer.FileRequester {0x00000008000cbcc0}
stack at sp + 4 slots: 0x000070000cc11f90 is pointing into the stack for thread: 0x00007f99df17a000
stack at sp + 5 slots: 0x000000010a2f2908: _ZN8CallInfo24set_resolved_method_nameEP6Thread+0x5a in /Library/Java/JavaVirtualMachines/jdk-11.0.3.jdk/Contents/Home/lib/server/libjvm.dylib at 0x0000000109e00000
stack at sp + 6 slots: 0x000070000cc12010 is pointing into the stack for thread: 0x00007f99df17a000
stack at sp + 7 slots: {method} {0x000000012f9f5658} 'getFile' '(Ljava/lang/String;)Ljava/lang/Object;' in 'com/filetransfer/transfer/FileRequester'


---------------  P R O C E S S  ---------------

Threads class SMR info:
_java_thread_list=0x00007f99ddd84eb0, length=13, elements={
0x00007f99df008800, 0x00007f99de007000, 0x00007f99de00e800, 0x00007f99de010800,
0x00007f99df0f8800, 0x00007f99df0f9800, 0x00007f99df0fa000, 0x00007f99df135000,
0x00007f99de015000, 0x00007f99de0da000, 0x00007f99de014000, 0x00007f99df0cd000,
0x00007f99df17a000
}

Java Threads: ( => current thread )
  0x00007f99df008800 JavaThread "main" [_thread_in_native, id=9731, stack(0x000070000bceb000,0x000070000bdeb000)]
  0x00007f99de007000 JavaThread "Reference Handler" daemon [_thread_blocked, id=18947, stack(0x000070000c400000,0x000070000c500000)]
  0x00007f99de00e800 JavaThread "Finalizer" daemon [_thread_blocked, id=18691, stack(0x000070000c503000,0x000070000c603000)]
  0x00007f99de010800 JavaThread "Signal Dispatcher" daemon [_thread_blocked, id=15875, stack(0x000070000c606000,0x000070000c706000)]
  0x00007f99df0f8800 JavaThread "C2 CompilerThread0" daemon [_thread_blocked, id=16387, stack(0x000070000c709000,0x000070000c809000)]
  0x00007f99df0f9800 JavaThread "C1 CompilerThread0" daemon [_thread_blocked, id=16643, stack(0x000070000c80c000,0x000070000c90c000)]
  0x00007f99df0fa000 JavaThread "Sweeper thread" daemon [_thread_blocked, id=43011, stack(0x000070000c90f000,0x000070000ca0f000)]
  0x00007f99df135000 JavaThread "Common-Cleaner" daemon [_thread_blocked, id=22531, stack(0x000070000ca12000,0x000070000cb12000)]
  0x00007f99de015000 JavaThread "JDWP Transport Listener: dt_socket" daemon [_thread_blocked, id=42243, stack(0x000070000cc18000,0x000070000cd18000)]
  0x00007f99de0da000 JavaThread "JDWP Event Helper Thread" daemon [_thread_blocked, id=41731, stack(0x000070000cd1b000,0x000070000ce1b000)]
  0x00007f99de014000 JavaThread "JDWP Command Reader" daemon [_thread_in_native, id=41475, stack(0x000070000ce1e000,0x000070000cf1e000)]
  0x00007f99df0cd000 JavaThread "Service Thread" daemon [_thread_blocked, id=24835, stack(0x000070000cf21000,0x000070000d021000)]
=>0x00007f99df17a000 JavaThread "Thread-0" [_thread_in_vm, id=23047, stack(0x000070000cb15000,0x000070000cc15000)]

Other Threads:
  0x00007f99e1012000 VMThread "VM Thread" [stack: 0x000070000c2fd000,0x000070000c3fd000] [id=19459]
  0x00007f99df156000 WatcherThread [stack: 0x000070000d024000,0x000070000d124000] [id=25347]
  0x00007f99df015800 GCTaskThread "GC Thread#0" [stack: 0x000070000bdee000,0x000070000beee000] [id=20483]
  0x00007f99df04d000 ConcurrentGCThread "G1 Main Marker" [stack: 0x000070000bef1000,0x000070000bff1000] [id=19971]
  0x00007f99df04d800 ConcurrentGCThread "G1 Conc#0" [stack: 0x000070000bff4000,0x000070000c0f4000] [id=12291]
  0x00007f99e000e000 ConcurrentGCThread "G1 Refine#0" [stack: 0x000070000c0f7000,0x000070000c1f7000] [id=12803]
  0x00007f99e000f000 ConcurrentGCThread "G1 Young RemSet Sampling" [stack: 0x000070000c1fa000,0x000070000c2fa000] [id=13315]

Threads with active compile tasks:

VM state:not at safepoint (normal execution)

VM Mutex/Monitor currently owned by a thread:  ([mutex/lock_event])
[0x00007f99ddd0be00] ResolvedMethodTable_lock - owner thread: 0x00007f99df17a000

Heap address: 0x0000000700000000, size: 4096 MB, Compressed Oops mode: Zero based, Oop shift amount: 3
Narrow klass base: 0x0000000800000000, Narrow klass shift: 0
Compressed class space size: 1073741824 Address: 0x0000000800000000

Heap:
 garbage-first heap   total 262144K, used 7168K [0x0000000700000000, 0x0000000800000000)
  region size 1024K, 9 young (9216K), 0 survivors (0K)
 Metaspace       used 11795K, capacity 11972K, committed 12160K, reserved 1060864K
  class space    used 1083K, capacity 1152K, committed 1152K, reserved 1048576K
Heap Regions: E=young(eden), S=young(survivor), O=old, HS=humongous(starts), HC=humongous(continues), CS=collection set, F=free, A=archive, TAMS=top-at-mark-start (previous, next)
|   0|0x0000000700000000, 0x0000000700000000, 0x0000000700100000|  0%| F|  |TAMS 0x0000000700000000, 0x0000000700000000| Untracked 
|   1|0x0000000700100000, 0x0000000700100000, 0x0000000700200000|  0%| F|  |TAMS 0x0000000700100000, 0x0000000700100000| Untracked 
|   2|0x0000000700200000, 0x0000000700200000, 0x0000000700300000|  0%| F|  |TAMS 0x0000000700200000, 0x0000000700200000| Untracked 
|   3|0x0000000700300000, 0x0000000700300000, 0x0000000700400000|  0%| F|  |TAMS 0x0000000700300000, 0x0000000700300000| Untracked 
|   4|0x0000000700400000, 0x0000000700400000, 0x0000000700500000|  0%| F|  |TAMS 0x0000000700400000, 0x0000000700400000| Untracked 
|   5|0x0000000700500000, 0x0000000700500000, 0x0000000700600000|  0%| F|  |TAMS 0x0000000700500000, 0x0000000700500000| Untracked 
|   6|0x0000000700600000, 0x0000000700600000, 0x0000000700700000|  0%| F|  |TAMS 0x0000000700600000, 0x0000000700600000| Untracked 
|   7|0x0000000700700000, 0x0000000700700000, 0x0000000700800000|  0%| F|  |TAMS 0x0000000700700000, 0x0000000700700000| Untracked 
|   8|0x0000000700800000, 0x0000000700800000, 0x0000000700900000|  0%| F|  |TAMS 0x0000000700800000, 0x0000000700800000| Untracked 
|   9|0x0000000700900000, 0x0000000700900000, 0x0000000700a00000|  0%| F|  |TAMS 0x0000000700900000, 0x0000000700900000| Untracked 
|  10|0x0000000700a00000, 0x0000000700a00000, 0x0000000700b00000|  0%| F|  |TAMS 0x0000000700a00000, 0x0000000700a00000| Untracked 
|  11|0x0000000700b00000, 0x0000000700b00000, 0x0000000700c00000|  0%| F|  |TAMS 0x0000000700b00000, 0x0000000700b00000| Untracked 
|  12|0x0000000700c00000, 0x0000000700c00000, 0x0000000700d00000|  0%| F|  |TAMS 0x0000000700c00000, 0x0000000700c00000| Untracked 
|  13|0x0000000700d00000, 0x0000000700d00000, 0x0000000700e00000|  0%| F|  |TAMS 0x0000000700d00000, 0x0000000700d00000| Untracked 
|  14|0x0000000700e00000, 0x0000000700e00000, 0x0000000700f00000|  0%| F|  |TAMS 0x0000000700e00000, 0x0000000700e00000| Untracked 
|  15|0x0000000700f00000, 0x0000000700f00000, 0x0000000701000000|  0%| F|  |TAMS 0x0000000700f00000, 0x0000000700f00000| Untracked 
|  16|0x0000000701000000, 0x0000000701000000, 0x0000000701100000|  0%| F|  |TAMS 0x0000000701000000, 0x0000000701000000| Untracked 
|  17|0x0000000701100000, 0x0000000701100000, 0x0000000701200000|  0%| F|  |TAMS 0x0000000701100000, 0x0000000701100000| Untracked 
|  18|0x0000000701200000, 0x0000000701200000, 0x0000000701300000|  0%| F|  |TAMS 0x0000000701200000, 0x0000000701200000| Untracked 
|  19|0x0000000701300000, 0x0000000701300000, 0x0000000701400000|  0%| F|  |TAMS 0x0000000701300000, 0x0000000701300000| Untracked 
|  20|0x0000000701400000, 0x0000000701400000, 0x0000000701500000|  0%| F|  |TAMS 0x0000000701400000, 0x0000000701400000| Untracked 
|  21|0x0000000701500000, 0x0000000701500000, 0x0000000701600000|  0%| F|  |TAMS 0x0000000701500000, 0x0000000701500000| Untracked 
|  22|0x0000000701600000, 0x0000000701600000, 0x0000000701700000|  0%| F|  |TAMS 0x0000000701600000, 0x0000000701600000| Untracked 
|  23|0x0000000701700000, 0x0000000701700000, 0x0000000701800000|  0%| F|  |TAMS 0x0000000701700000, 0x0000000701700000| Untracked 
|  24|0x0000000701800000, 0x0000000701800000, 0x0000000701900000|  0%| F|  |TAMS 0x0000000701800000, 0x0000000701800000| Untracked 
|  25|0x0000000701900000, 0x0000000701900000, 0x0000000701a00000|  0%| F|  |TAMS 0x0000000701900000, 0x0000000701900000| Untracked 
|  26|0x0000000701a00000, 0x0000000701a00000, 0x0000000701b00000|  0%| F|  |TAMS 0x0000000701a00000, 0x0000000701a00000| Untracked 
|  27|0x0000000701b00000, 0x0000000701b00000, 0x0000000701c00000|  0%| F|  |TAMS 0x0000000701b00000, 0x0000000701b00000| Untracked 
|  28|0x0000000701c00000, 0x0000000701c00000, 0x0000000701d00000|  0%| F|  |TAMS 0x0000000701c00000, 0x0000000701c00000| Untracked 
|  29|0x0000000701d00000, 0x0000000701d00000, 0x0000000701e00000|  0%| F|  |TAMS 0x0000000701d00000, 0x0000000701d00000| Untracked 
|  30|0x0000000701e00000, 0x0000000701e00000, 0x0000000701f00000|  0%| F|  |TAMS 0x0000000701e00000, 0x0000000701e00000| Untracked 
|  31|0x0000000701f00000, 0x0000000701f00000, 0x0000000702000000|  0%| F|  |TAMS 0x0000000701f00000, 0x0000000701f00000| Untracked 
|  32|0x0000000702000000, 0x0000000702000000, 0x0000000702100000|  0%| F|  |TAMS 0x0000000702000000, 0x0000000702000000| Untracked 
|  33|0x0000000702100000, 0x0000000702100000, 0x0000000702200000|  0%| F|  |TAMS 0x0000000702100000, 0x0000000702100000| Untracked 
|  34|0x0000000702200000, 0x0000000702200000, 0x0000000702300000|  0%| F|  |TAMS 0x0000000702200000, 0x0000000702200000| Untracked 
|  35|0x0000000702300000, 0x0000000702300000, 0x0000000702400000|  0%| F|  |TAMS 0x0000000702300000, 0x0000000702300000| Untracked 
|  36|0x0000000702400000, 0x0000000702400000, 0x0000000702500000|  0%| F|  |TAMS 0x0000000702400000, 0x0000000702400000| Untracked 
|  37|0x0000000702500000, 0x0000000702500000, 0x0000000702600000|  0%| F|  |TAMS 0x0000000702500000, 0x0000000702500000| Untracked 
|  38|0x0000000702600000, 0x0000000702600000, 0x0000000702700000|  0%| F|  |TAMS 0x0000000702600000, 0x0000000702600000| Untracked 
|  39|0x0000000702700000, 0x0000000702700000, 0x0000000702800000|  0%| F|  |TAMS 0x0000000702700000, 0x0000000702700000| Untracked 
|  40|0x0000000702800000, 0x0000000702800000, 0x0000000702900000|  0%| F|  |TAMS 0x0000000702800000, 0x0000000702800000| Untracked 
|  41|0x0000000702900000, 0x0000000702900000, 0x0000000702a00000|  0%| F|  |TAMS 0x0000000702900000, 0x0000000702900000| Untracked 
|  42|0x0000000702a00000, 0x0000000702a00000, 0x0000000702b00000|  0%| F|  |TAMS 0x0000000702a00000, 0x0000000702a00000| Untracked 
|  43|0x0000000702b00000, 0x0000000702b00000, 0x0000000702c00000|  0%| F|  |TAMS 0x0000000702b00000, 0x0000000702b00000| Untracked 
|  44|0x0000000702c00000, 0x0000000702c00000, 0x0000000702d00000|  0%| F|  |TAMS 0x0000000702c00000, 0x0000000702c00000| Untracked 
|  45|0x0000000702d00000, 0x0000000702d00000, 0x0000000702e00000|  0%| F|  |TAMS 0x0000000702d00000, 0x0000000702d00000| Untracked 
|  46|0x0000000702e00000, 0x0000000702e00000, 0x0000000702f00000|  0%| F|  |TAMS 0x0000000702e00000, 0x0000000702e00000| Untracked 
|  47|0x0000000702f00000, 0x0000000702f00000, 0x0000000703000000|  0%| F|  |TAMS 0x0000000702f00000, 0x0000000702f00000| Untracked 
|  48|0x0000000703000000, 0x0000000703000000, 0x0000000703100000|  0%| F|  |TAMS 0x0000000703000000, 0x0000000703000000| Untracked 
|  49|0x0000000703100000, 0x0000000703100000, 0x0000000703200000|  0%| F|  |TAMS 0x0000000703100000, 0x0000000703100000| Untracked 
|  50|0x0000000703200000, 0x0000000703200000, 0x0000000703300000|  0%| F|  |TAMS 0x0000000703200000, 0x0000000703200000| Untracked 
|  51|0x0000000703300000, 0x0000000703300000, 0x0000000703400000|  0%| F|  |TAMS 0x0000000703300000, 0x0000000703300000| Untracked 
|  52|0x0000000703400000, 0x0000000703400000, 0x0000000703500000|  0%| F|  |TAMS 0x0000000703400000, 0x0000000703400000| Untracked 
|  53|0x0000000703500000, 0x0000000703500000, 0x0000000703600000|  0%| F|  |TAMS 0x0000000703500000, 0x0000000703500000| Untracked 
|  54|0x0000000703600000, 0x0000000703600000, 0x0000000703700000|  0%| F|  |TAMS 0x0000000703600000, 0x0000000703600000| Untracked 
|  55|0x0000000703700000, 0x0000000703700000, 0x0000000703800000|  0%| F|  |TAMS 0x0000000703700000, 0x0000000703700000| Untracked 
|  56|0x0000000703800000, 0x0000000703800000, 0x0000000703900000|  0%| F|  |TAMS 0x0000000703800000, 0x0000000703800000| Untracked 
|  57|0x0000000703900000, 0x0000000703900000, 0x0000000703a00000|  0%| F|  |TAMS 0x0000000703900000, 0x0000000703900000| Untracked 
|  58|0x0000000703a00000, 0x0000000703a00000, 0x0000000703b00000|  0%| F|  |TAMS 0x0000000703a00000, 0x0000000703a00000| Untracked 
|  59|0x0000000703b00000, 0x0000000703b00000, 0x0000000703c00000|  0%| F|  |TAMS 0x0000000703b00000, 0x0000000703b00000| Untracked 
|  60|0x0000000703c00000, 0x0000000703c00000, 0x0000000703d00000|  0%| F|  |TAMS 0x0000000703c00000, 0x0000000703c00000| Untracked 
|  61|0x0000000703d00000, 0x0000000703d00000, 0x0000000703e00000|  0%| F|  |TAMS 0x0000000703d00000, 0x0000000703d00000| Untracked 
|  62|0x0000000703e00000, 0x0000000703e00000, 0x0000000703f00000|  0%| F|  |TAMS 0x0000000703e00000, 0x0000000703e00000| Untracked 
|  63|0x0000000703f00000, 0x0000000703f00000, 0x0000000704000000|  0%| F|  |TAMS 0x0000000703f00000, 0x0000000703f00000| Untracked 
|  64|0x0000000704000000, 0x0000000704000000, 0x0000000704100000|  0%| F|  |TAMS 0x0000000704000000, 0x0000000704000000| Untracked 
|  65|0x0000000704100000, 0x0000000704100000, 0x0000000704200000|  0%| F|  |TAMS 0x0000000704100000, 0x0000000704100000| Untracked 
|  66|0x0000000704200000, 0x0000000704200000, 0x0000000704300000|  0%| F|  |TAMS 0x0000000704200000, 0x0000000704200000| Untracked 
|  67|0x0000000704300000, 0x0000000704300000, 0x0000000704400000|  0%| F|  |TAMS 0x0000000704300000, 0x0000000704300000| Untracked 
|  68|0x0000000704400000, 0x0000000704400000, 0x0000000704500000|  0%| F|  |TAMS 0x0000000704400000, 0x0000000704400000| Untracked 
|  69|0x0000000704500000, 0x0000000704500000, 0x0000000704600000|  0%| F|  |TAMS 0x0000000704500000, 0x0000000704500000| Untracked 
|  70|0x0000000704600000, 0x0000000704600000, 0x0000000704700000|  0%| F|  |TAMS 0x0000000704600000, 0x0000000704600000| Untracked 
|  71|0x0000000704700000, 0x0000000704700000, 0x0000000704800000|  0%| F|  |TAMS 0x0000000704700000, 0x0000000704700000| Untracked 
|  72|0x0000000704800000, 0x0000000704800000, 0x0000000704900000|  0%| F|  |TAMS 0x0000000704800000, 0x0000000704800000| Untracked 
|  73|0x0000000704900000, 0x0000000704900000, 0x0000000704a00000|  0%| F|  |TAMS 0x0000000704900000, 0x0000000704900000| Untracked 
|  74|0x0000000704a00000, 0x0000000704a00000, 0x0000000704b00000|  0%| F|  |TAMS 0x0000000704a00000, 0x0000000704a00000| Untracked 
|  75|0x0000000704b00000, 0x0000000704b00000, 0x0000000704c00000|  0%| F|  |TAMS 0x0000000704b00000, 0x0000000704b00000| Untracked 
|  76|0x0000000704c00000, 0x0000000704c00000, 0x0000000704d00000|  0%| F|  |TAMS 0x0000000704c00000, 0x0000000704c00000| Untracked 
|  77|0x0000000704d00000, 0x0000000704d00000, 0x0000000704e00000|  0%| F|  |TAMS 0x0000000704d00000, 0x0000000704d00000| Untracked 
|  78|0x0000000704e00000, 0x0000000704e00000, 0x0000000704f00000|  0%| F|  |TAMS 0x0000000704e00000, 0x0000000704e00000| Untracked 
|  79|0x0000000704f00000, 0x0000000704f00000, 0x0000000705000000|  0%| F|  |TAMS 0x0000000704f00000, 0x0000000704f00000| Untracked 
|  80|0x0000000705000000, 0x0000000705000000, 0x0000000705100000|  0%| F|  |TAMS 0x0000000705000000, 0x0000000705000000| Untracked 
|  81|0x0000000705100000, 0x0000000705100000, 0x0000000705200000|  0%| F|  |TAMS 0x0000000705100000, 0x0000000705100000| Untracked 
|  82|0x0000000705200000, 0x0000000705200000, 0x0000000705300000|  0%| F|  |TAMS 0x0000000705200000, 0x0000000705200000| Untracked 
|  83|0x0000000705300000, 0x0000000705300000, 0x0000000705400000|  0%| F|  |TAMS 0x0000000705300000, 0x0000000705300000| Untracked 
|  84|0x0000000705400000, 0x0000000705400000, 0x0000000705500000|  0%| F|  |TAMS 0x0000000705400000, 0x0000000705400000| Untracked 
|  85|0x0000000705500000, 0x0000000705500000, 0x0000000705600000|  0%| F|  |TAMS 0x0000000705500000, 0x0000000705500000| Untracked 
|  86|0x0000000705600000, 0x0000000705600000, 0x0000000705700000|  0%| F|  |TAMS 0x0000000705600000, 0x0000000705600000| Untracked 
|  87|0x0000000705700000, 0x0000000705700000, 0x0000000705800000|  0%| F|  |TAMS 0x0000000705700000, 0x0000000705700000| Untracked 
|  88|0x0000000705800000, 0x0000000705800000, 0x0000000705900000|  0%| F|  |TAMS 0x0000000705800000, 0x0000000705800000| Untracked 
|  89|0x0000000705900000, 0x0000000705900000, 0x0000000705a00000|  0%| F|  |TAMS 0x0000000705900000, 0x0000000705900000| Untracked 
|  90|0x0000000705a00000, 0x0000000705a00000, 0x0000000705b00000|  0%| F|  |TAMS 0x0000000705a00000, 0x0000000705a00000| Untracked 
|  91|0x0000000705b00000, 0x0000000705b00000, 0x0000000705c00000|  0%| F|  |TAMS 0x0000000705b00000, 0x0000000705b00000| Untracked 
|  92|0x0000000705c00000, 0x0000000705c00000, 0x0000000705d00000|  0%| F|  |TAMS 0x0000000705c00000, 0x0000000705c00000| Untracked 
|  93|0x0000000705d00000, 0x0000000705d00000, 0x0000000705e00000|  0%| F|  |TAMS 0x0000000705d00000, 0x0000000705d00000| Untracked 
|  94|0x0000000705e00000, 0x0000000705e00000, 0x0000000705f00000|  0%| F|  |TAMS 0x0000000705e00000, 0x0000000705e00000| Untracked 
|  95|0x0000000705f00000, 0x0000000705f00000, 0x0000000706000000|  0%| F|  |TAMS 0x0000000705f00000, 0x0000000705f00000| Untracked 
|  96|0x0000000706000000, 0x0000000706000000, 0x0000000706100000|  0%| F|  |TAMS 0x0000000706000000, 0x0000000706000000| Untracked 
|  97|0x0000000706100000, 0x0000000706100000, 0x0000000706200000|  0%| F|  |TAMS 0x0000000706100000, 0x0000000706100000| Untracked 
|  98|0x0000000706200000, 0x0000000706200000, 0x0000000706300000|  0%| F|  |TAMS 0x0000000706200000, 0x0000000706200000| Untracked 
|  99|0x0000000706300000, 0x0000000706300000, 0x0000000706400000|  0%| F|  |TAMS 0x0000000706300000, 0x0000000706300000| Untracked 
| 100|0x0000000706400000, 0x0000000706400000, 0x0000000706500000|  0%| F|  |TAMS 0x0000000706400000, 0x0000000706400000| Untracked 
| 101|0x0000000706500000, 0x0000000706500000, 0x0000000706600000|  0%| F|  |TAMS 0x0000000706500000, 0x0000000706500000| Untracked 
| 102|0x0000000706600000, 0x0000000706600000, 0x0000000706700000|  0%| F|  |TAMS 0x0000000706600000, 0x0000000706600000| Untracked 
| 103|0x0000000706700000, 0x0000000706700000, 0x0000000706800000|  0%| F|  |TAMS 0x0000000706700000, 0x0000000706700000| Untracked 
| 104|0x0000000706800000, 0x0000000706800000, 0x0000000706900000|  0%| F|  |TAMS 0x0000000706800000, 0x0000000706800000| Untracked 
| 105|0x0000000706900000, 0x0000000706900000, 0x0000000706a00000|  0%| F|  |TAMS 0x0000000706900000, 0x0000000706900000| Untracked 
| 106|0x0000000706a00000, 0x0000000706a00000, 0x0000000706b00000|  0%| F|  |TAMS 0x0000000706a00000, 0x0000000706a00000| Untracked 
| 107|0x0000000706b00000, 0x0000000706b00000, 0x0000000706c00000|  0%| F|  |TAMS 0x0000000706b00000, 0x0000000706b00000| Untracked 
| 108|0x0000000706c00000, 0x0000000706c00000, 0x0000000706d00000|  0%| F|  |TAMS 0x0000000706c00000, 0x0000000706c00000| Untracked 
| 109|0x0000000706d00000, 0x0000000706d00000, 0x0000000706e00000|  0%| F|  |TAMS 0x0000000706d00000, 0x0000000706d00000| Untracked 
| 110|0x0000000706e00000, 0x0000000706e00000, 0x0000000706f00000|  0%| F|  |TAMS 0x0000000706e00000, 0x0000000706e00000| Untracked 
| 111|0x0000000706f00000, 0x0000000706f00000, 0x0000000707000000|  0%| F|  |TAMS 0x0000000706f00000, 0x0000000706f00000| Untracked 
| 112|0x0000000707000000, 0x0000000707000000, 0x0000000707100000|  0%| F|  |TAMS 0x0000000707000000, 0x0000000707000000| Untracked 
| 113|0x0000000707100000, 0x0000000707100000, 0x0000000707200000|  0%| F|  |TAMS 0x0000000707100000, 0x0000000707100000| Untracked 
| 114|0x0000000707200000, 0x0000000707200000, 0x0000000707300000|  0%| F|  |TAMS 0x0000000707200000, 0x0000000707200000| Untracked 
| 115|0x0000000707300000, 0x0000000707300000, 0x0000000707400000|  0%| F|  |TAMS 0x0000000707300000, 0x0000000707300000| Untracked 
| 116|0x0000000707400000, 0x0000000707400000, 0x0000000707500000|  0%| F|  |TAMS 0x0000000707400000, 0x0000000707400000| Untracked 
| 117|0x0000000707500000, 0x0000000707500000, 0x0000000707600000|  0%| F|  |TAMS 0x0000000707500000, 0x0000000707500000| Untracked 
| 118|0x0000000707600000, 0x0000000707600000, 0x0000000707700000|  0%| F|  |TAMS 0x0000000707600000, 0x0000000707600000| Untracked 
| 119|0x0000000707700000, 0x0000000707700000, 0x0000000707800000|  0%| F|  |TAMS 0x0000000707700000, 0x0000000707700000| Untracked 
| 120|0x0000000707800000, 0x0000000707800000, 0x0000000707900000|  0%| F|  |TAMS 0x0000000707800000, 0x0000000707800000| Untracked 
| 121|0x0000000707900000, 0x0000000707900000, 0x0000000707a00000|  0%| F|  |TAMS 0x0000000707900000, 0x0000000707900000| Untracked 
| 122|0x0000000707a00000, 0x0000000707a00000, 0x0000000707b00000|  0%| F|  |TAMS 0x0000000707a00000, 0x0000000707a00000| Untracked 
| 123|0x0000000707b00000, 0x0000000707b00000, 0x0000000707c00000|  0%| F|  |TAMS 0x0000000707b00000, 0x0000000707b00000| Untracked 
| 124|0x0000000707c00000, 0x0000000707c00000, 0x0000000707d00000|  0%| F|  |TAMS 0x0000000707c00000, 0x0000000707c00000| Untracked 
| 125|0x0000000707d00000, 0x0000000707d00000, 0x0000000707e00000|  0%| F|  |TAMS 0x0000000707d00000, 0x0000000707d00000| Untracked 
| 126|0x0000000707e00000, 0x0000000707e00000, 0x0000000707f00000|  0%| F|  |TAMS 0x0000000707e00000, 0x0000000707e00000| Untracked 
| 127|0x0000000707f00000, 0x0000000707f00000, 0x0000000708000000|  0%| F|  |TAMS 0x0000000707f00000, 0x0000000707f00000| Untracked 
| 128|0x0000000708000000, 0x0000000708000000, 0x0000000708100000|  0%| F|  |TAMS 0x0000000708000000, 0x0000000708000000| Untracked 
| 129|0x0000000708100000, 0x0000000708100000, 0x0000000708200000|  0%| F|  |TAMS 0x0000000708100000, 0x0000000708100000| Untracked 
| 130|0x0000000708200000, 0x0000000708200000, 0x0000000708300000|  0%| F|  |TAMS 0x0000000708200000, 0x0000000708200000| Untracked 
| 131|0x0000000708300000, 0x0000000708300000, 0x0000000708400000|  0%| F|  |TAMS 0x0000000708300000, 0x0000000708300000| Untracked 
| 132|0x0000000708400000, 0x0000000708400000, 0x0000000708500000|  0%| F|  |TAMS 0x0000000708400000, 0x0000000708400000| Untracked 
| 133|0x0000000708500000, 0x0000000708500000, 0x0000000708600000|  0%| F|  |TAMS 0x0000000708500000, 0x0000000708500000| Untracked 
| 134|0x0000000708600000, 0x0000000708600000, 0x0000000708700000|  0%| F|  |TAMS 0x0000000708600000, 0x0000000708600000| Untracked 
| 135|0x0000000708700000, 0x0000000708700000, 0x0000000708800000|  0%| F|  |TAMS 0x0000000708700000, 0x0000000708700000| Untracked 
| 136|0x0000000708800000, 0x0000000708800000, 0x0000000708900000|  0%| F|  |TAMS 0x0000000708800000, 0x0000000708800000| Untracked 
| 137|0x0000000708900000, 0x0000000708900000, 0x0000000708a00000|  0%| F|  |TAMS 0x0000000708900000, 0x0000000708900000| Untracked 
| 138|0x0000000708a00000, 0x0000000708a00000, 0x0000000708b00000|  0%| F|  |TAMS 0x0000000708a00000, 0x0000000708a00000| Untracked 
| 139|0x0000000708b00000, 0x0000000708b00000, 0x0000000708c00000|  0%| F|  |TAMS 0x0000000708b00000, 0x0000000708b00000| Untracked 
| 140|0x0000000708c00000, 0x0000000708c00000, 0x0000000708d00000|  0%| F|  |TAMS 0x0000000708c00000, 0x0000000708c00000| Untracked 
| 141|0x0000000708d00000, 0x0000000708d00000, 0x0000000708e00000|  0%| F|  |TAMS 0x0000000708d00000, 0x0000000708d00000| Untracked 
| 142|0x0000000708e00000, 0x0000000708e00000, 0x0000000708f00000|  0%| F|  |TAMS 0x0000000708e00000, 0x0000000708e00000| Untracked 
| 143|0x0000000708f00000, 0x0000000708f00000, 0x0000000709000000|  0%| F|  |TAMS 0x0000000708f00000, 0x0000000708f00000| Untracked 
| 144|0x0000000709000000, 0x0000000709000000, 0x0000000709100000|  0%| F|  |TAMS 0x0000000709000000, 0x0000000709000000| Untracked 
| 145|0x0000000709100000, 0x0000000709100000, 0x0000000709200000|  0%| F|  |TAMS 0x0000000709100000, 0x0000000709100000| Untracked 
| 146|0x0000000709200000, 0x0000000709200000, 0x0000000709300000|  0%| F|  |TAMS 0x0000000709200000, 0x0000000709200000| Untracked 
| 147|0x0000000709300000, 0x0000000709300000, 0x0000000709400000|  0%| F|  |TAMS 0x0000000709300000, 0x0000000709300000| Untracked 
| 148|0x0000000709400000, 0x0000000709400000, 0x0000000709500000|  0%| F|  |TAMS 0x0000000709400000, 0x0000000709400000| Untracked 
| 149|0x0000000709500000, 0x0000000709500000, 0x0000000709600000|  0%| F|  |TAMS 0x0000000709500000, 0x0000000709500000| Untracked 
| 150|0x0000000709600000, 0x0000000709600000, 0x0000000709700000|  0%| F|  |TAMS 0x0000000709600000, 0x0000000709600000| Untracked 
| 151|0x0000000709700000, 0x0000000709700000, 0x0000000709800000|  0%| F|  |TAMS 0x0000000709700000, 0x0000000709700000| Untracked 
| 152|0x0000000709800000, 0x0000000709800000, 0x0000000709900000|  0%| F|  |TAMS 0x0000000709800000, 0x0000000709800000| Untracked 
| 153|0x0000000709900000, 0x0000000709900000, 0x0000000709a00000|  0%| F|  |TAMS 0x0000000709900000, 0x0000000709900000| Untracked 
| 154|0x0000000709a00000, 0x0000000709a00000, 0x0000000709b00000|  0%| F|  |TAMS 0x0000000709a00000, 0x0000000709a00000| Untracked 
| 155|0x0000000709b00000, 0x0000000709b00000, 0x0000000709c00000|  0%| F|  |TAMS 0x0000000709b00000, 0x0000000709b00000| Untracked 
| 156|0x0000000709c00000, 0x0000000709c00000, 0x0000000709d00000|  0%| F|  |TAMS 0x0000000709c00000, 0x0000000709c00000| Untracked 
| 157|0x0000000709d00000, 0x0000000709d00000, 0x0000000709e00000|  0%| F|  |TAMS 0x0000000709d00000, 0x0000000709d00000| Untracked 
| 158|0x0000000709e00000, 0x0000000709e00000, 0x0000000709f00000|  0%| F|  |TAMS 0x0000000709e00000, 0x0000000709e00000| Untracked 
| 159|0x0000000709f00000, 0x0000000709f00000, 0x000000070a000000|  0%| F|  |TAMS 0x0000000709f00000, 0x0000000709f00000| Untracked 
| 160|0x000000070a000000, 0x000000070a000000, 0x000000070a100000|  0%| F|  |TAMS 0x000000070a000000, 0x000000070a000000| Untracked 
| 161|0x000000070a100000, 0x000000070a100000, 0x000000070a200000|  0%| F|  |TAMS 0x000000070a100000, 0x000000070a100000| Untracked 
| 162|0x000000070a200000, 0x000000070a200000, 0x000000070a300000|  0%| F|  |TAMS 0x000000070a200000, 0x000000070a200000| Untracked 
| 163|0x000000070a300000, 0x000000070a300000, 0x000000070a400000|  0%| F|  |TAMS 0x000000070a300000, 0x000000070a300000| Untracked 
| 164|0x000000070a400000, 0x000000070a400000, 0x000000070a500000|  0%| F|  |TAMS 0x000000070a400000, 0x000000070a400000| Untracked 
| 165|0x000000070a500000, 0x000000070a500000, 0x000000070a600000|  0%| F|  |TAMS 0x000000070a500000, 0x000000070a500000| Untracked 
| 166|0x000000070a600000, 0x000000070a600000, 0x000000070a700000|  0%| F|  |TAMS 0x000000070a600000, 0x000000070a600000| Untracked 
| 167|0x000000070a700000, 0x000000070a700000, 0x000000070a800000|  0%| F|  |TAMS 0x000000070a700000, 0x000000070a700000| Untracked 
| 168|0x000000070a800000, 0x000000070a800000, 0x000000070a900000|  0%| F|  |TAMS 0x000000070a800000, 0x000000070a800000| Untracked 
| 169|0x000000070a900000, 0x000000070a900000, 0x000000070aa00000|  0%| F|  |TAMS 0x000000070a900000, 0x000000070a900000| Untracked 
| 170|0x000000070aa00000, 0x000000070aa00000, 0x000000070ab00000|  0%| F|  |TAMS 0x000000070aa00000, 0x000000070aa00000| Untracked 
| 171|0x000000070ab00000, 0x000000070ab00000, 0x000000070ac00000|  0%| F|  |TAMS 0x000000070ab00000, 0x000000070ab00000| Untracked 
| 172|0x000000070ac00000, 0x000000070ac00000, 0x000000070ad00000|  0%| F|  |TAMS 0x000000070ac00000, 0x000000070ac00000| Untracked 
| 173|0x000000070ad00000, 0x000000070ad00000, 0x000000070ae00000|  0%| F|  |TAMS 0x000000070ad00000, 0x000000070ad00000| Untracked 
| 174|0x000000070ae00000, 0x000000070ae00000, 0x000000070af00000|  0%| F|  |TAMS 0x000000070ae00000, 0x000000070ae00000| Untracked 
| 175|0x000000070af00000, 0x000000070af00000, 0x000000070b000000|  0%| F|  |TAMS 0x000000070af00000, 0x000000070af00000| Untracked 
| 176|0x000000070b000000, 0x000000070b000000, 0x000000070b100000|  0%| F|  |TAMS 0x000000070b000000, 0x000000070b000000| Untracked 
| 177|0x000000070b100000, 0x000000070b100000, 0x000000070b200000|  0%| F|  |TAMS 0x000000070b100000, 0x000000070b100000| Untracked 
| 178|0x000000070b200000, 0x000000070b200000, 0x000000070b300000|  0%| F|  |TAMS 0x000000070b200000, 0x000000070b200000| Untracked 
| 179|0x000000070b300000, 0x000000070b300000, 0x000000070b400000|  0%| F|  |TAMS 0x000000070b300000, 0x000000070b300000| Untracked 
| 180|0x000000070b400000, 0x000000070b400000, 0x000000070b500000|  0%| F|  |TAMS 0x000000070b400000, 0x000000070b400000| Untracked 
| 181|0x000000070b500000, 0x000000070b500000, 0x000000070b600000|  0%| F|  |TAMS 0x000000070b500000, 0x000000070b500000| Untracked 
| 182|0x000000070b600000, 0x000000070b600000, 0x000000070b700000|  0%| F|  |TAMS 0x000000070b600000, 0x000000070b600000| Untracked 
| 183|0x000000070b700000, 0x000000070b700000, 0x000000070b800000|  0%| F|  |TAMS 0x000000070b700000, 0x000000070b700000| Untracked 
| 184|0x000000070b800000, 0x000000070b800000, 0x000000070b900000|  0%| F|  |TAMS 0x000000070b800000, 0x000000070b800000| Untracked 
| 185|0x000000070b900000, 0x000000070b900000, 0x000000070ba00000|  0%| F|  |TAMS 0x000000070b900000, 0x000000070b900000| Untracked 
| 186|0x000000070ba00000, 0x000000070ba00000, 0x000000070bb00000|  0%| F|  |TAMS 0x000000070ba00000, 0x000000070ba00000| Untracked 
| 187|0x000000070bb00000, 0x000000070bb00000, 0x000000070bc00000|  0%| F|  |TAMS 0x000000070bb00000, 0x000000070bb00000| Untracked 
| 188|0x000000070bc00000, 0x000000070bc00000, 0x000000070bd00000|  0%| F|  |TAMS 0x000000070bc00000, 0x000000070bc00000| Untracked 
| 189|0x000000070bd00000, 0x000000070bd00000, 0x000000070be00000|  0%| F|  |TAMS 0x000000070bd00000, 0x000000070bd00000| Untracked 
| 190|0x000000070be00000, 0x000000070be00000, 0x000000070bf00000|  0%| F|  |TAMS 0x000000070be00000, 0x000000070be00000| Untracked 
| 191|0x000000070bf00000, 0x000000070bf00000, 0x000000070c000000|  0%| F|  |TAMS 0x000000070bf00000, 0x000000070bf00000| Untracked 
| 192|0x000000070c000000, 0x000000070c000000, 0x000000070c100000|  0%| F|  |TAMS 0x000000070c000000, 0x000000070c000000| Untracked 
| 193|0x000000070c100000, 0x000000070c100000, 0x000000070c200000|  0%| F|  |TAMS 0x000000070c100000, 0x000000070c100000| Untracked 
| 194|0x000000070c200000, 0x000000070c200000, 0x000000070c300000|  0%| F|  |TAMS 0x000000070c200000, 0x000000070c200000| Untracked 
| 195|0x000000070c300000, 0x000000070c300000, 0x000000070c400000|  0%| F|  |TAMS 0x000000070c300000, 0x000000070c300000| Untracked 
| 196|0x000000070c400000, 0x000000070c400000, 0x000000070c500000|  0%| F|  |TAMS 0x000000070c400000, 0x000000070c400000| Untracked 
| 197|0x000000070c500000, 0x000000070c500000, 0x000000070c600000|  0%| F|  |TAMS 0x000000070c500000, 0x000000070c500000| Untracked 
| 198|0x000000070c600000, 0x000000070c600000, 0x000000070c700000|  0%| F|  |TAMS 0x000000070c600000, 0x000000070c600000| Untracked 
| 199|0x000000070c700000, 0x000000070c700000, 0x000000070c800000|  0%| F|  |TAMS 0x000000070c700000, 0x000000070c700000| Untracked 
| 200|0x000000070c800000, 0x000000070c800000, 0x000000070c900000|  0%| F|  |TAMS 0x000000070c800000, 0x000000070c800000| Untracked 
| 201|0x000000070c900000, 0x000000070c900000, 0x000000070ca00000|  0%| F|  |TAMS 0x000000070c900000, 0x000000070c900000| Untracked 
| 202|0x000000070ca00000, 0x000000070ca00000, 0x000000070cb00000|  0%| F|  |TAMS 0x000000070ca00000, 0x000000070ca00000| Untracked 
| 203|0x000000070cb00000, 0x000000070cb00000, 0x000000070cc00000|  0%| F|  |TAMS 0x000000070cb00000, 0x000000070cb00000| Untracked 
| 204|0x000000070cc00000, 0x000000070cc00000, 0x000000070cd00000|  0%| F|  |TAMS 0x000000070cc00000, 0x000000070cc00000| Untracked 
| 205|0x000000070cd00000, 0x000000070cd00000, 0x000000070ce00000|  0%| F|  |TAMS 0x000000070cd00000, 0x000000070cd00000| Untracked 
| 206|0x000000070ce00000, 0x000000070ce00000, 0x000000070cf00000|  0%| F|  |TAMS 0x000000070ce00000, 0x000000070ce00000| Untracked 
| 207|0x000000070cf00000, 0x000000070cf00000, 0x000000070d000000|  0%| F|  |TAMS 0x000000070cf00000, 0x000000070cf00000| Untracked 
| 208|0x000000070d000000, 0x000000070d000000, 0x000000070d100000|  0%| F|  |TAMS 0x000000070d000000, 0x000000070d000000| Untracked 
| 209|0x000000070d100000, 0x000000070d100000, 0x000000070d200000|  0%| F|  |TAMS 0x000000070d100000, 0x000000070d100000| Untracked 
| 210|0x000000070d200000, 0x000000070d200000, 0x000000070d300000|  0%| F|  |TAMS 0x000000070d200000, 0x000000070d200000| Untracked 
| 211|0x000000070d300000, 0x000000070d300000, 0x000000070d400000|  0%| F|  |TAMS 0x000000070d300000, 0x000000070d300000| Untracked 
| 212|0x000000070d400000, 0x000000070d400000, 0x000000070d500000|  0%| F|  |TAMS 0x000000070d400000, 0x000000070d400000| Untracked 
| 213|0x000000070d500000, 0x000000070d500000, 0x000000070d600000|  0%| F|  |TAMS 0x000000070d500000, 0x000000070d500000| Untracked 
| 214|0x000000070d600000, 0x000000070d600000, 0x000000070d700000|  0%| F|  |TAMS 0x000000070d600000, 0x000000070d600000| Untracked 
| 215|0x000000070d700000, 0x000000070d700000, 0x000000070d800000|  0%| F|  |TAMS 0x000000070d700000, 0x000000070d700000| Untracked 
| 216|0x000000070d800000, 0x000000070d800000, 0x000000070d900000|  0%| F|  |TAMS 0x000000070d800000, 0x000000070d800000| Untracked 
| 217|0x000000070d900000, 0x000000070d900000, 0x000000070da00000|  0%| F|  |TAMS 0x000000070d900000, 0x000000070d900000| Untracked 
| 218|0x000000070da00000, 0x000000070da00000, 0x000000070db00000|  0%| F|  |TAMS 0x000000070da00000, 0x000000070da00000| Untracked 
| 219|0x000000070db00000, 0x000000070db00000, 0x000000070dc00000|  0%| F|  |TAMS 0x000000070db00000, 0x000000070db00000| Untracked 
| 220|0x000000070dc00000, 0x000000070dc00000, 0x000000070dd00000|  0%| F|  |TAMS 0x000000070dc00000, 0x000000070dc00000| Untracked 
| 221|0x000000070dd00000, 0x000000070dd00000, 0x000000070de00000|  0%| F|  |TAMS 0x000000070dd00000, 0x000000070dd00000| Untracked 
| 222|0x000000070de00000, 0x000000070de00000, 0x000000070df00000|  0%| F|  |TAMS 0x000000070de00000, 0x000000070de00000| Untracked 
| 223|0x000000070df00000, 0x000000070df00000, 0x000000070e000000|  0%| F|  |TAMS 0x000000070df00000, 0x000000070df00000| Untracked 
| 224|0x000000070e000000, 0x000000070e000000, 0x000000070e100000|  0%| F|  |TAMS 0x000000070e000000, 0x000000070e000000| Untracked 
| 225|0x000000070e100000, 0x000000070e100000, 0x000000070e200000|  0%| F|  |TAMS 0x000000070e100000, 0x000000070e100000| Untracked 
| 226|0x000000070e200000, 0x000000070e200000, 0x000000070e300000|  0%| F|  |TAMS 0x000000070e200000, 0x000000070e200000| Untracked 
| 227|0x000000070e300000, 0x000000070e300000, 0x000000070e400000|  0%| F|  |TAMS 0x000000070e300000, 0x000000070e300000| Untracked 
| 228|0x000000070e400000, 0x000000070e400000, 0x000000070e500000|  0%| F|  |TAMS 0x000000070e400000, 0x000000070e400000| Untracked 
| 229|0x000000070e500000, 0x000000070e500000, 0x000000070e600000|  0%| F|  |TAMS 0x000000070e500000, 0x000000070e500000| Untracked 
| 230|0x000000070e600000, 0x000000070e600000, 0x000000070e700000|  0%| F|  |TAMS 0x000000070e600000, 0x000000070e600000| Untracked 
| 231|0x000000070e700000, 0x000000070e700000, 0x000000070e800000|  0%| F|  |TAMS 0x000000070e700000, 0x000000070e700000| Untracked 
| 232|0x000000070e800000, 0x000000070e800000, 0x000000070e900000|  0%| F|  |TAMS 0x000000070e800000, 0x000000070e800000| Untracked 
| 233|0x000000070e900000, 0x000000070e900000, 0x000000070ea00000|  0%| F|  |TAMS 0x000000070e900000, 0x000000070e900000| Untracked 
| 234|0x000000070ea00000, 0x000000070ea00000, 0x000000070eb00000|  0%| F|  |TAMS 0x000000070ea00000, 0x000000070ea00000| Untracked 
| 235|0x000000070eb00000, 0x000000070eb00000, 0x000000070ec00000|  0%| F|  |TAMS 0x000000070eb00000, 0x000000070eb00000| Untracked 
| 236|0x000000070ec00000, 0x000000070ec00000, 0x000000070ed00000|  0%| F|  |TAMS 0x000000070ec00000, 0x000000070ec00000| Untracked 
| 237|0x000000070ed00000, 0x000000070ed00000, 0x000000070ee00000|  0%| F|  |TAMS 0x000000070ed00000, 0x000000070ed00000| Untracked 
| 238|0x000000070ee00000, 0x000000070ee00000, 0x000000070ef00000|  0%| F|  |TAMS 0x000000070ee00000, 0x000000070ee00000| Untracked 
| 239|0x000000070ef00000, 0x000000070ef00000, 0x000000070f000000|  0%| F|  |TAMS 0x000000070ef00000, 0x000000070ef00000| Untracked 
| 240|0x000000070f000000, 0x000000070f000000, 0x000000070f100000|  0%| F|  |TAMS 0x000000070f000000, 0x000000070f000000| Untracked 
| 241|0x000000070f100000, 0x000000070f100000, 0x000000070f200000|  0%| F|  |TAMS 0x000000070f100000, 0x000000070f100000| Untracked 
| 242|0x000000070f200000, 0x000000070f200000, 0x000000070f300000|  0%| F|  |TAMS 0x000000070f200000, 0x000000070f200000| Untracked 
| 243|0x000000070f300000, 0x000000070f300000, 0x000000070f400000|  0%| F|  |TAMS 0x000000070f300000, 0x000000070f300000| Untracked 
| 244|0x000000070f400000, 0x000000070f400000, 0x000000070f500000|  0%| F|  |TAMS 0x000000070f400000, 0x000000070f400000| Untracked 
| 245|0x000000070f500000, 0x000000070f500000, 0x000000070f600000|  0%| F|  |TAMS 0x000000070f500000, 0x000000070f500000| Untracked 
| 246|0x000000070f600000, 0x000000070f600000, 0x000000070f700000|  0%| F|  |TAMS 0x000000070f600000, 0x000000070f600000| Untracked 
| 247|0x000000070f700000, 0x000000070f7fe260, 0x000000070f800000| 99%| E|  |TAMS 0x000000070f700000, 0x000000070f700000| Complete 
| 248|0x000000070f800000, 0x000000070f900000, 0x000000070f900000|100%| E|CS|TAMS 0x000000070f800000, 0x000000070f800000| Complete 
| 249|0x000000070f900000, 0x000000070fa00000, 0x000000070fa00000|100%| E|  |TAMS 0x000000070f900000, 0x000000070f900000| Complete 
| 250|0x000000070fa00000, 0x000000070fb00000, 0x000000070fb00000|100%| E|CS|TAMS 0x000000070fa00000, 0x000000070fa00000| Complete 
| 251|0x000000070fb00000, 0x000000070fc00000, 0x000000070fc00000|100%| E|CS|TAMS 0x000000070fb00000, 0x000000070fb00000| Complete 
| 252|0x000000070fc00000, 0x000000070fd00000, 0x000000070fd00000|100%| E|CS|TAMS 0x000000070fc00000, 0x000000070fc00000| Complete 
| 253|0x000000070fd00000, 0x000000070fe00000, 0x000000070fe00000|100%| E|CS|TAMS 0x000000070fd00000, 0x000000070fd00000| Complete 
| 254|0x000000070fe00000, 0x000000070ff00000, 0x000000070ff00000|100%| E|CS|TAMS 0x000000070fe00000, 0x000000070fe00000| Complete 
| 255|0x000000070ff00000, 0x0000000710000000, 0x0000000710000000|100%| E|CS|TAMS 0x000000070ff00000, 0x000000070ff00000| Complete 

Card table byte_map: [0x000000010be47000,0x000000010c647000] _byte_map_base: 0x0000000108647000

Marking Bits (Prev, Next): (CMBitMap*) 0x00007f99df03c618, (CMBitMap*) 0x00007f99df03c650
 Prev Bits: [0x00000001242a5000, 0x00000001282a5000)
 Next Bits: [0x00000001282a5000, 0x000000012c2a5000)

Polling page: 0x0000000108df7000

Metaspace:

Usage:
  Non-class:     10.57 MB capacity,    10.46 MB (>99%) used,    91.77 KB ( <1%) free+waste,    16.06 KB ( <1%) overhead. 
      Class:      1.12 MB capacity,     1.06 MB ( 94%) used,    61.48 KB (  5%) free+waste,     6.75 KB ( <1%) overhead. 
       Both:     11.69 MB capacity,    11.52 MB ( 99%) used,   153.25 KB (  1%) free+waste,    22.81 KB ( <1%) overhead. 

Virtual space:
  Non-class space:       12.00 MB reserved,      10.75 MB ( 90%) committed 
      Class space:        1.00 GB reserved,       1.12 MB ( <1%) committed 
             Both:        1.01 GB reserved,      11.88 MB (  1%) committed 

Chunk freelists:
   Non-Class:  8.50 KB
       Class:  0 bytes
        Both:  8.50 KB

CodeHeap 'non-profiled nmethods': size=120032Kb used=201Kb max_used=201Kb free=119830Kb
 bounds [0x000000011cd6d000, 0x000000011cfdd000, 0x00000001242a5000]
CodeHeap 'profiled nmethods': size=120028Kb used=1026Kb max_used=1026Kb free=119001Kb
 bounds [0x0000000115836000, 0x0000000115aa6000, 0x000000011cd6d000]
CodeHeap 'non-nmethods': size=5700Kb used=1145Kb max_used=1156Kb free=4554Kb
 bounds [0x00000001152a5000, 0x0000000115515000, 0x0000000115836000]
 total_blobs=1197 nmethods=676 adapters=307
 compilation: enabled
              stopped_count=0, restarted_count=0
 full_count=0

Compilation events (10 events):
Event: 35.240 Thread 0x00007f99df0f9800 nmethod 673 0x0000000115935810 code [0x00000001159359e0, 0x0000000115935cd0]
Event: 35.240 Thread 0x00007f99df0f9800  672       3       jdk.internal.reflect.ByteVectorImpl::get (26 bytes)
Event: 35.241 Thread 0x00007f99df0f9800 nmethod 672 0x0000000115935e10 code [0x0000000115935fe0, 0x0000000115936208]
Event: 35.241 Thread 0x00007f99df0f8800 nmethod 671 0x000000011cd9ea90 code [0x000000011cd9ec40, 0x000000011cd9edc8]
Event: 88.650 Thread 0x00007f99df0f9800  674       1       java.net.AbstractPlainSocketImpl::getTimeout (5 bytes)
Event: 88.651 Thread 0x00007f99df0f9800 nmethod 674 0x000000011cd9ef10 code [0x000000011cd9f0c0, 0x000000011cd9f1d0]
Event: 88.651 Thread 0x00007f99df0f9800  675       1       java.net.AbstractPlainSocketImpl::isConnectionReset (5 bytes)
Event: 88.651 Thread 0x00007f99df0f9800 nmethod 675 0x000000011cd9f290 code [0x000000011cd9f440, 0x000000011cd9f550]
Event: 220.544 Thread 0x00007f99df0f9800  676       3       org.eclipse.jdt.launching.internal.org.objectweb.asm.ByteVector::put122 (93 bytes)
Event: 220.545 Thread 0x00007f99df0f9800 nmethod 676 0x0000000115936310 code [0x00000001159364e0, 0x00000001159367c8]

GC Heap History (0 events):
No events

Deoptimization events (4 events):
Event: 0.572 Thread 0x00007f99df008800 Uncommon trap: reason=unstable_if action=reinterpret pc=0x000000011cd93b24 method=java.lang.StringUTF16.compress([CI[BII)I @ 20 c2
Event: 0.572 Thread 0x00007f99df008800 Uncommon trap: reason=unstable_if action=reinterpret pc=0x000000011cd75d24 method=java.lang.String.isLatin1()Z @ 10 c2
Event: 0.572 Thread 0x00007f99df008800 Uncommon trap: reason=unstable_if action=reinterpret pc=0x000000011cd7c074 method=java.lang.String.isLatin1()Z @ 10 c2
Event: 0.572 Thread 0x00007f99df008800 Uncommon trap: reason=unstable_if action=reinterpret pc=0x000000011cd7dc7c method=java.lang.String.isLatin1()Z @ 10 c2

Classes redefined (1 events):
Event: 220.548 Thread 0x00007f99e1012000 redefined class name=com.filetransfer.transfer.FileRequester, count=1

Internal exceptions (2 events):
Event: 0.552 Thread 0x00007f99df008800 Exception <a 'java/lang/ClassNotFoundException'{0x000000070f814920}: sun/util/logging/resources/spi/loggingProvider> (0x000000070f814920) thrown at [/scratch/mesos/slaves/07fc96ef-bf4d-487f-b22f-a84e49f5f44a-S132978/frameworks/1735e8a2-a1db-478c-8104-60c8
Event: 222.975 Thread 0x00007f99df17a000 Exception <a 'sun/net/ConnectionResetException'{0x000000070f7d78b0}: Connection reset> (0x000000070f7d78b0) thrown at [/scratch/mesos/slaves/07fc96ef-bf4d-487f-b22f-a84e49f5f44a-S132978/frameworks/1735e8a2-a1db-478c-8104-60c8b0af87dd-0196/executors/7fd0d6

Events (10 events):
Event: 35.240 loading class java/io/FileFilter
Event: 35.240 loading class java/io/FileFilter done
Event: 35.240 loading class java/io/ObjectInputStream$GetFieldImpl
Event: 35.240 loading class java/io/ObjectInputStream$GetField
Event: 35.240 loading class java/io/ObjectInputStream$GetField done
Event: 35.240 loading class java/io/ObjectInputStream$GetFieldImpl done
Event: 220.545 Executing VM operation: RedefineClasses
Event: 220.549 Executing VM operation: RedefineClasses done
Event: 222.975 loading class sun/net/ConnectionResetException
Event: 222.975 loading class sun/net/ConnectionResetException done


Dynamic libraries:
0x00007fff4b323000 	/System/Library/Frameworks/Cocoa.framework/Versions/A/Cocoa
0x00007fff57005000 	/System/Library/Frameworks/Security.framework/Versions/A/Security
0x00007fff49fb8000 	/System/Library/Frameworks/ApplicationServices.framework/Versions/A/ApplicationServices
0x00007fff77651000 	/usr/lib/libz.1.dylib
0x00007fff74d81000 	/usr/lib/libSystem.B.dylib
0x00007fff4bb0b000 	/System/Library/Frameworks/CoreFoundation.framework/Versions/A/CoreFoundation
0x00007fff4dd7f000 	/System/Library/Frameworks/Foundation.framework/Versions/C/Foundation
0x00007fff7677b000 	/usr/lib/libobjc.A.dylib
0x00007fff491b1000 	/System/Library/Frameworks/AppKit.framework/Versions/C/AppKit
0x00007fff4b69e000 	/System/Library/Frameworks/CoreData.framework/Versions/A/CoreData
0x00007fff6e8d0000 	/System/Library/PrivateFrameworks/RemoteViewServices.framework/Versions/A/RemoteViewServices
0x00007fff72ac4000 	/System/Library/PrivateFrameworks/UIFoundation.framework/Versions/A/UIFoundation
0x00007fff741a6000 	/System/Library/PrivateFrameworks/XCTTargetBootstrap.framework/Versions/A/XCTTargetBootstrap
0x00007fff69709000 	/System/Library/PrivateFrameworks/IconServices.framework/Versions/A/IconServices
0x00007fff50698000 	/System/Library/Frameworks/Metal.framework/Versions/A/Metal
0x00007fff60c94000 	/System/Library/PrivateFrameworks/DesktopServicesPriv.framework/Versions/A/DesktopServicesPriv
0x00007fff75ae1000 	/usr/lib/libenergytrace.dylib
0x00007fff70fb3000 	/System/Library/PrivateFrameworks/SkyLight.framework/Versions/A/SkyLight
0x00007fff4bf50000 	/System/Library/Frameworks/CoreGraphics.framework/Versions/A/CoreGraphics
0x00007fff47f7d000 	/System/Library/Frameworks/Accelerate.framework/Versions/A/Accelerate
0x00007fff4e4c5000 	/System/Library/Frameworks/IOSurface.framework/Versions/A/IOSurface
0x00007fff60b00000 	/System/Library/PrivateFrameworks/DFRFoundation.framework/Versions/A/DFRFoundation
0x00007fff4a49b000 	/System/Library/Frameworks/AudioToolbox.framework/Versions/A/AudioToolbox
0x00007fff4a714000 	/System/Library/Frameworks/AudioUnit.framework/Versions/A/AudioUnit
0x00007fff60b95000 	/System/Library/PrivateFrameworks/DataDetectorsCore.framework/Versions/A/DataDetectorsCore
0x00007fff4ae27000 	/System/Library/Frameworks/Carbon.framework/Versions/A/Frameworks/HIToolbox.framework/Versions/A/HIToolbox
0x00007fff75c3a000 	/usr/lib/libicucore.A.dylib
0x00007fff5657c000 	/System/Library/Frameworks/QuartzCore.framework/Versions/A/QuartzCore
0x00007fff4b1fb000 	/System/Library/Frameworks/Carbon.framework/Versions/A/Frameworks/SpeechRecognition.framework/Versions/A/SpeechRecognition
0x00007fff74ed5000 	/usr/lib/libauto.dylib
0x00007fff77545000 	/usr/lib/libxml2.2.dylib
0x00007fff606e0000 	/System/Library/PrivateFrameworks/CoreUI.framework/Versions/A/CoreUI
0x00007fff4b589000 	/System/Library/Frameworks/CoreAudio.framework/Versions/A/CoreAudio
0x00007fff4dbbb000 	/System/Library/Frameworks/DiskArbitration.framework/Versions/A/DiskArbitration
0x00007fff75ee7000 	/usr/lib/liblangid.dylib
0x00007fff6ab08000 	/System/Library/PrivateFrameworks/MultitouchSupport.framework/Versions/A/MultitouchSupport
0x00007fff4e434000 	/System/Library/Frameworks/IOKit.framework/Versions/A/IOKit
0x00007fff74942000 	/usr/lib/libDiagnosticMessagesClient.dylib
0x00007fff4cd5c000 	/System/Library/Frameworks/CoreServices.framework/Versions/A/CoreServices
0x00007fff6c6de000 	/System/Library/PrivateFrameworks/PerformanceAnalysis.framework/Versions/A/PerformanceAnalysis
0x00007fff5576c000 	/System/Library/Frameworks/OpenGL.framework/Versions/A/OpenGL
0x00007fff4b331000 	/System/Library/Frameworks/ColorSync.framework/Versions/A/ColorSync
0x00007fff4c5e1000 	/System/Library/Frameworks/CoreImage.framework/Versions/A/CoreImage
0x00007fff4d735000 	/System/Library/Frameworks/CoreText.framework/Versions/A/CoreText
0x00007fff4e528000 	/System/Library/Frameworks/ImageIO.framework/Versions/A/ImageIO
0x00007fff5cd3e000 	/System/Library/PrivateFrameworks/Backup.framework/Versions/A/Backup
0x00007fff74e28000 	/usr/lib/libarchive.2.dylib
0x00007fff4aa6c000 	/System/Library/Frameworks/CFNetwork.framework/Versions/A/CFNetwork
0x00007fff5775e000 	/System/Library/Frameworks/SystemConfiguration.framework/Versions/A/SystemConfiguration
0x00007fff74873000 	/usr/lib/libCRFSuite.dylib
0x00007fff74fc4000 	/usr/lib/libc++.1.dylib
0x00007fff75018000 	/usr/lib/libc++abi.dylib
0x00007fff77e40000 	/usr/lib/system/libcache.dylib
0x00007fff77e45000 	/usr/lib/system/libcommonCrypto.dylib
0x00007fff77e50000 	/usr/lib/system/libcompiler_rt.dylib
0x00007fff77e58000 	/usr/lib/system/libcopyfile.dylib
0x00007fff77e62000 	/usr/lib/system/libcorecrypto.dylib
0x00007fff77f6d000 	/usr/lib/system/libdispatch.dylib
0x00007fff77fa7000 	/usr/lib/system/libdyld.dylib
0x00007fff77fd4000 	/usr/lib/system/libkeymgr.dylib
0x00007fff77fe2000 	/usr/lib/system/liblaunch.dylib
0x00007fff77fe3000 	/usr/lib/system/libmacho.dylib
0x00007fff77fe9000 	/usr/lib/system/libquarantine.dylib
0x00007fff77fec000 	/usr/lib/system/libremovefile.dylib
0x00007fff77fee000 	/usr/lib/system/libsystem_asl.dylib
0x00007fff78006000 	/usr/lib/system/libsystem_blocks.dylib
0x00007fff78007000 	/usr/lib/system/libsystem_c.dylib
0x00007fff7808f000 	/usr/lib/system/libsystem_configuration.dylib
0x00007fff78093000 	/usr/lib/system/libsystem_coreservices.dylib
0x00007fff78097000 	/usr/lib/system/libsystem_darwin.dylib
0x00007fff7809e000 	/usr/lib/system/libsystem_dnssd.dylib
0x00007fff780a5000 	/usr/lib/system/libsystem_info.dylib
0x00007fff7811a000 	/usr/lib/system/libsystem_m.dylib
0x00007fff78166000 	/usr/lib/system/libsystem_malloc.dylib
0x00007fff7818b000 	/usr/lib/system/libsystem_networkextension.dylib
0x00007fff78196000 	/usr/lib/system/libsystem_notify.dylib
0x00007fff781b3000 	/usr/lib/system/libsystem_sandbox.dylib
0x00007fff781b7000 	/usr/lib/system/libsystem_secinit.dylib
0x00007fff780f1000 	/usr/lib/system/libsystem_kernel.dylib
0x00007fff7819e000 	/usr/lib/system/libsystem_platform.dylib
0x00007fff781a8000 	/usr/lib/system/libsystem_pthread.dylib
0x00007fff781ba000 	/usr/lib/system/libsystem_symptoms.dylib
0x00007fff781c2000 	/usr/lib/system/libsystem_trace.dylib
0x00007fff781d9000 	/usr/lib/system/libunwind.dylib
0x00007fff781df000 	/usr/lib/system/libxpc.dylib
0x00007fff74fa5000 	/usr/lib/libbsm.0.dylib
0x00007fff77fd5000 	/usr/lib/system/libkxld.dylib
0x00007fff5bf84000 	/System/Library/PrivateFrameworks/AppleFSCompression.framework/Versions/A/AppleFSCompression
0x00007fff74c41000 	/usr/lib/libOpenScriptingUtil.dylib
0x00007fff752cd000 	/usr/lib/libcoretls.dylib
0x00007fff752e4000 	/usr/lib/libcoretls_cfhelpers.dylib
0x00007fff76f12000 	/usr/lib/libpam.2.dylib
0x00007fff770d2000 	/usr/lib/libsqlite3.dylib
0x00007fff77533000 	/usr/lib/libxar.1.dylib
0x00007fff74fb6000 	/usr/lib/libbz2.1.0.dylib
0x00007fff75ee9000 	/usr/lib/liblzma.5.dylib
0x00007fff7639a000 	/usr/lib/libnetwork.dylib
0x00007fff74e11000 	/usr/lib/libapple_nghttp2.dylib
0x00007fff76f19000 	/usr/lib/libpcap.A.dylib
0x00007fff4d0fb000 	/System/Library/Frameworks/CoreServices.framework/Versions/A/Frameworks/FSEvents.framework/Versions/A/FSEvents
0x00007fff4cdda000 	/System/Library/Frameworks/CoreServices.framework/Versions/A/Frameworks/CarbonCore.framework/Versions/A/CarbonCore
0x00007fff4d2b7000 	/System/Library/Frameworks/CoreServices.framework/Versions/A/Frameworks/Metadata.framework/Versions/A/Metadata
0x00007fff4d356000 	/System/Library/Frameworks/CoreServices.framework/Versions/A/Frameworks/OSServices.framework/Versions/A/OSServices
0x00007fff4d3a1000 	/System/Library/Frameworks/CoreServices.framework/Versions/A/Frameworks/SearchKit.framework/Versions/A/SearchKit
0x00007fff4cd5d000 	/System/Library/Frameworks/CoreServices.framework/Versions/A/Frameworks/AE.framework/Versions/A/AE
0x00007fff4d104000 	/System/Library/Frameworks/CoreServices.framework/Versions/A/Frameworks/LaunchServices.framework/Versions/A/LaunchServices
0x00007fff4d0b2000 	/System/Library/Frameworks/CoreServices.framework/Versions/A/Frameworks/DictionaryServices.framework/Versions/A/DictionaryServices
0x00007fff4d409000 	/System/Library/Frameworks/CoreServices.framework/Versions/A/Frameworks/SharedFileList.framework/Versions/A/SharedFileList
0x00007fff51747000 	/System/Library/Frameworks/NetFS.framework/Versions/A/NetFS
0x00007fff6ad6e000 	/System/Library/PrivateFrameworks/NetAuth.framework/Versions/A/NetAuth
0x00007fff745aa000 	/System/Library/PrivateFrameworks/login.framework/Versions/A/Frameworks/loginsupport.framework/Versions/A/loginsupport
0x00007fff726cd000 	/System/Library/PrivateFrameworks/TCC.framework/Versions/A/TCC
0x00007fff5fd3f000 	/System/Library/PrivateFrameworks/CoreNLP.framework/Versions/A/CoreNLP
0x00007fff6a808000 	/System/Library/PrivateFrameworks/MetadataUtilities.framework/Versions/A/MetadataUtilities
0x00007fff75fbe000 	/usr/lib/libmecabra.dylib
0x00007fff49fb9000 	/System/Library/Frameworks/ApplicationServices.framework/Versions/A/Frameworks/ATS.framework/Versions/A/ATS
0x00007fff4a308000 	/System/Library/Frameworks/ApplicationServices.framework/Versions/A/Frameworks/ColorSyncLegacy.framework/Versions/A/ColorSyncLegacy
0x00007fff4a3a7000 	/System/Library/Frameworks/ApplicationServices.framework/Versions/A/Frameworks/HIServices.framework/Versions/A/HIServices
0x00007fff4a3fa000 	/System/Library/Frameworks/ApplicationServices.framework/Versions/A/Frameworks/LangAnalysis.framework/Versions/A/LangAnalysis
0x00007fff4a40a000 	/System/Library/Frameworks/ApplicationServices.framework/Versions/A/Frameworks/PrintCore.framework/Versions/A/PrintCore
0x00007fff4a454000 	/System/Library/Frameworks/ApplicationServices.framework/Versions/A/Frameworks/QD.framework/Versions/A/QD
0x00007fff4a48e000 	/System/Library/Frameworks/ApplicationServices.framework/Versions/A/Frameworks/SpeechSynthesis.framework/Versions/A/SpeechSynthesis
0x00007fff75040000 	/usr/lib/libcompression.dylib
0x00007fff4ba23000 	/System/Library/Frameworks/CoreDisplay.framework/Versions/A/CoreDisplay
0x00007fff5094f000 	/System/Library/Frameworks/MetalPerformanceShaders.framework/Versions/A/MetalPerformanceShaders
0x00007fff47f95000 	/System/Library/Frameworks/Accelerate.framework/Versions/A/Frameworks/vImage.framework/Versions/A/vImage
0x00007fff4900f000 	/System/Library/Frameworks/Accelerate.framework/Versions/A/Frameworks/vecLib.framework/Versions/A/vecLib
0x00007fff48f5b000 	/System/Library/Frameworks/Accelerate.framework/Versions/A/Frameworks/vecLib.framework/Versions/A/libvMisc.dylib
0x00007fff48d73000 	/System/Library/Frameworks/Accelerate.framework/Versions/A/Frameworks/vecLib.framework/Versions/A/libvDSP.dylib
0x00007fff4862f000 	/System/Library/Frameworks/Accelerate.framework/Versions/A/Frameworks/vecLib.framework/Versions/A/libBLAS.dylib
0x00007fff4891c000 	/System/Library/Frameworks/Accelerate.framework/Versions/A/Frameworks/vecLib.framework/Versions/A/libLAPACK.dylib
0x00007fff48cc6000 	/System/Library/Frameworks/Accelerate.framework/Versions/A/Frameworks/vecLib.framework/Versions/A/libLinearAlgebra.dylib
0x00007fff48d5f000 	/System/Library/Frameworks/Accelerate.framework/Versions/A/Frameworks/vecLib.framework/Versions/A/libSparseBLAS.dylib
0x00007fff48cdc000 	/System/Library/Frameworks/Accelerate.framework/Versions/A/Frameworks/vecLib.framework/Versions/A/libQuadrature.dylib
0x00007fff488a9000 	/System/Library/Frameworks/Accelerate.framework/Versions/A/Frameworks/vecLib.framework/Versions/A/libBNNS.dylib
0x00007fff48ce2000 	/System/Library/Frameworks/Accelerate.framework/Versions/A/Frameworks/vecLib.framework/Versions/A/libSparse.dylib
0x00007fff6707a000 	/System/Library/PrivateFrameworks/GPUWrangler.framework/Versions/A/GPUWrangler
0x00007fff6933e000 	/System/Library/PrivateFrameworks/IOAccelerator.framework/Versions/A/IOAccelerator
0x00007fff69349000 	/System/Library/PrivateFrameworks/IOPresentment.framework/Versions/A/IOPresentment
0x00007fff60b10000 	/System/Library/PrivateFrameworks/DSExternalDisplay.framework/Versions/A/DSExternalDisplay
0x00007fff54bc3000 	/System/Library/Frameworks/OpenGL.framework/Versions/A/Libraries/libCoreFSCache.dylib
0x00007fff50743000 	/System/Library/Frameworks/MetalPerformanceShaders.framework/Frameworks/MPSCore.framework/Versions/A/MPSCore
0x00007fff50763000 	/System/Library/Frameworks/MetalPerformanceShaders.framework/Frameworks/MPSImage.framework/Versions/A/MPSImage
0x00007fff50808000 	/System/Library/Frameworks/MetalPerformanceShaders.framework/Frameworks/MPSNeuralNetwork.framework/Versions/A/MPSNeuralNetwork
0x00007fff507e0000 	/System/Library/Frameworks/MetalPerformanceShaders.framework/Frameworks/MPSMatrix.framework/Versions/A/MPSMatrix
0x00007fff50934000 	/System/Library/Frameworks/MetalPerformanceShaders.framework/Frameworks/MPSRayIntersector.framework/Versions/A/MPSRayIntersector
0x00007fff6a831000 	/System/Library/PrivateFrameworks/MetalTools.framework/Versions/A/MetalTools
0x00007fff5b685000 	/System/Library/PrivateFrameworks/AggregateDictionary.framework/Versions/A/AggregateDictionary
0x00007fff74c22000 	/usr/lib/libMobileGestalt.dylib
0x00007fff4d898000 	/System/Library/Frameworks/CoreVideo.framework/Versions/A/CoreVideo
0x00007fff67e84000 	/System/Library/PrivateFrameworks/GraphVisualizer.framework/Versions/A/GraphVisualizer
0x00007fff61d0a000 	/System/Library/PrivateFrameworks/FaceCore.framework/Versions/A/FaceCore
0x00007fff541f1000 	/System/Library/Frameworks/OpenCL.framework/Versions/A/OpenCL
0x00007fff7497a000 	/usr/lib/libFosl_dynamic.dylib
0x00007fff6b5d9000 	/System/Library/PrivateFrameworks/OTSVG.framework/Versions/A/OTSVG
0x00007fff4a0bd000 	/System/Library/Frameworks/ApplicationServices.framework/Versions/A/Frameworks/ATS.framework/Versions/A/Resources/libFontParser.dylib
0x00007fff4a1d5000 	/System/Library/Frameworks/ApplicationServices.framework/Versions/A/Frameworks/ATS.framework/Versions/A/Resources/libFontRegistry.dylib
0x00007fff4e796000 	/System/Library/Frameworks/ImageIO.framework/Versions/A/Resources/libJPEG.dylib
0x00007fff4eaa8000 	/System/Library/Frameworks/ImageIO.framework/Versions/A/Resources/libTIFF.dylib
0x00007fff4ea7e000 	/System/Library/Frameworks/ImageIO.framework/Versions/A/Resources/libPng.dylib
0x00007fff4e6b4000 	/System/Library/Frameworks/ImageIO.framework/Versions/A/Resources/libGIF.dylib
0x00007fff4e6b9000 	/System/Library/Frameworks/ImageIO.framework/Versions/A/Resources/libJP2.dylib
0x00007fff4eaa5000 	/System/Library/Frameworks/ImageIO.framework/Versions/A/Resources/libRadiance.dylib
0x00007fff5c0d9000 	/System/Library/PrivateFrameworks/AppleJPEG.framework/Versions/A/AppleJPEG
0x00007fff54bce000 	/System/Library/Frameworks/OpenGL.framework/Versions/A/Libraries/libGFXShared.dylib
0x00007fff54d91000 	/System/Library/Frameworks/OpenGL.framework/Versions/A/Libraries/libGLU.dylib
0x00007fff54bd7000 	/System/Library/Frameworks/OpenGL.framework/Versions/A/Libraries/libGL.dylib
0x00007fff54be3000 	/System/Library/Frameworks/OpenGL.framework/Versions/A/Libraries/libGLImage.dylib
0x00007fff54bc0000 	/System/Library/Frameworks/OpenGL.framework/Versions/A/Libraries/libCVMSPluginSupport.dylib
0x00007fff54bc9000 	/System/Library/Frameworks/OpenGL.framework/Versions/A/Libraries/libCoreVMClient.dylib
0x00007fff75957000 	/usr/lib/libcups.2.dylib
0x00007fff4fc6b000 	/System/Library/Frameworks/Kerberos.framework/Versions/A/Kerberos
0x00007fff4e19b000 	/System/Library/Frameworks/GSS.framework/Versions/A/GSS
0x00007fff77067000 	/usr/lib/libresolv.9.dylib
0x00007fff75b49000 	/usr/lib/libiconv.2.dylib
0x00007fff67fe0000 	/System/Library/PrivateFrameworks/Heimdal.framework/Versions/A/Heimdal
0x00007fff75b19000 	/usr/lib/libheimdal-asn1.dylib
0x00007fff54265000 	/System/Library/Frameworks/OpenDirectory.framework/Versions/A/OpenDirectory
0x00007fff5eaa6000 	/System/Library/PrivateFrameworks/CommonAuth.framework/Versions/A/CommonAuth
0x00007fff54249000 	/System/Library/Frameworks/OpenDirectory.framework/Versions/A/Frameworks/CFOpenDirectory.framework/Versions/A/CFOpenDirectory
0x00007fff57304000 	/System/Library/Frameworks/SecurityFoundation.framework/Versions/A/SecurityFoundation
0x00007fff5abe0000 	/System/Library/PrivateFrameworks/APFS.framework/Versions/A/APFS
0x00007fff7752f000 	/usr/lib/libutil.dylib
0x00007fff7502e000 	/usr/lib/libcharset.1.dylib
0x00007fff5c376000 	/System/Library/PrivateFrameworks/AppleSauce.framework/Versions/A/AppleSauce
0x00007fff5c4f7000 	/System/Library/PrivateFrameworks/AssertionServices.framework/Versions/A/AssertionServices
0x00007fff5cdd4000 	/System/Library/PrivateFrameworks/BaseBoard.framework/Versions/A/BaseBoard
0x00007fff75f19000 	/usr/lib/libmecab.1.0.0.dylib
0x00007fff75b13000 	/usr/lib/libgermantok.dylib
0x00007fff74dfe000 	/usr/lib/libThaiTokenizer.dylib
0x00007fff748aa000 	/usr/lib/libChineseTokenizer.dylib
0x00007fff699f5000 	/System/Library/PrivateFrameworks/LanguageModeling.framework/Versions/A/LanguageModeling
0x00007fff5f785000 	/System/Library/PrivateFrameworks/CoreEmoji.framework/Versions/A/CoreEmoji
0x00007fff69ad1000 	/System/Library/PrivateFrameworks/Lexicon.framework/Versions/A/Lexicon
0x00007fff69b14000 	/System/Library/PrivateFrameworks/LinguisticData.framework/Versions/A/LinguisticData
0x00007fff7502f000 	/usr/lib/libcmph.dylib
0x00007fff573c2000 	/System/Library/Frameworks/ServiceManagement.framework/Versions/A/ServiceManagement
0x00007fff5cd35000 	/System/Library/PrivateFrameworks/BackgroundTaskManagement.framework/Versions/A/BackgroundTaskManagement
0x00007fff77628000 	/usr/lib/libxslt.1.dylib
0x00007fff4b128000 	/System/Library/Frameworks/Carbon.framework/Versions/A/Frameworks/Ink.framework/Versions/A/Ink
0x00007fff7293f000 	/System/Library/PrivateFrameworks/TextureIO.framework/Versions/A/TextureIO
0x00007fff74e52000 	/usr/lib/libate.dylib
0x00007fff60a60000 	/System/Library/PrivateFrameworks/CrashReporterSupport.framework/Versions/A/CrashReporterSupport
0x00007fff700f1000 	/System/Library/PrivateFrameworks/Sharing.framework/Versions/A/Sharing
0x00007fff5c8d6000 	/System/Library/PrivateFrameworks/AuthKit.framework/Versions/A/AuthKit
0x00007fff5bc80000 	/System/Library/PrivateFrameworks/Apple80211.framework/Versions/A/Apple80211
0x00007fff6080c000 	/System/Library/PrivateFrameworks/CoreUtils.framework/Versions/A/CoreUtils
0x00007fff4d8d6000 	/System/Library/Frameworks/CoreWLAN.framework/Versions/A/CoreWLAN
0x00007fff4e2ca000 	/System/Library/Frameworks/IOBluetooth.framework/Versions/A/IOBluetooth
0x00007fff6e57d000 	/System/Library/PrivateFrameworks/ProtocolBuffer.framework/Versions/A/ProtocolBuffer
0x00007fff6aa66000 	/System/Library/PrivateFrameworks/MobileKeyBag.framework/Versions/A/MobileKeyBag
0x00007fff60052000 	/System/Library/PrivateFrameworks/CorePhoneNumbers.framework/Versions/A/CorePhoneNumbers
0x00007fff5c08d000 	/System/Library/PrivateFrameworks/AppleIDAuthSupport.framework/Versions/A/AppleIDAuthSupport
0x00007fff699c8000 	/System/Library/PrivateFrameworks/KeychainCircle.framework/Versions/A/KeychainCircle
0x00007fff6e733000 	/System/Library/PrivateFrameworks/ROCKit.framework/Versions/A/ROCKit
0x00007fff609fc000 	/System/Library/PrivateFrameworks/CoreWiFi.framework/Versions/A/CoreWiFi
0x00007fff4b673000 	/System/Library/Frameworks/CoreBluetooth.framework/Versions/A/CoreBluetooth
0x00007fff60c56000 	/System/Library/PrivateFrameworks/DebugSymbols.framework/Versions/A/DebugSymbols
0x00007fff605cd000 	/System/Library/PrivateFrameworks/CoreSymbolication.framework/Versions/A/CoreSymbolication
0x00007fff7215b000 	/System/Library/PrivateFrameworks/Symbolication.framework/Versions/A/Symbolication
0x00007fff719fe000 	/System/Library/PrivateFrameworks/SpeechRecognitionCore.framework/Versions/A/SpeechRecognitionCore
0x0000000109e00000 	/Library/Java/JavaVirtualMachines/jdk-11.0.3.jdk/Contents/Home/lib/server/libjvm.dylib
0x0000000108dea000 	/Library/Java/JavaVirtualMachines/jdk-11.0.3.jdk/Contents/Home/lib/libverify.dylib
0x000000010ab4a000 	/Library/Java/JavaVirtualMachines/jdk-11.0.3.jdk/Contents/Home/lib/libjava.dylib
0x000000010ab8d000 	/Library/Java/JavaVirtualMachines/jdk-11.0.3.jdk/Contents/Home/lib/libjdwp.dylib
0x000000010abc5000 	/Library/Java/JavaVirtualMachines/jdk-11.0.3.jdk/Contents/Home/lib/libinstrument.dylib
0x000000010ac5d000 	/Library/Java/JavaVirtualMachines/jdk-11.0.3.jdk/Contents/Home/lib/libzip.dylib
0x0000000108df9000 	/Library/Java/JavaVirtualMachines/jdk-11.0.3.jdk/Contents/Home/lib/libjimage.dylib
0x000000012f557000 	/Library/Java/JavaVirtualMachines/jdk-11.0.3.jdk/Contents/Home/lib/libdt_socket.dylib
0x000000012f4ea000 	/Library/Java/JavaVirtualMachines/jdk-11.0.3.jdk/Contents/Home/lib/libnio.dylib
0x000000012f4f8000 	/Library/Java/JavaVirtualMachines/jdk-11.0.3.jdk/Contents/Home/lib/./libnet.dylib
0x000000012f492000 	/Library/Java/JavaVirtualMachines/jdk-11.0.3.jdk/Contents/Home/lib/libextnet.dylib


VM Arguments:
jvm_args: -agentlib:jdwp=transport=dt_socket,suspend=y,address=localhost:57243 -javaagent:/Users/richardmarais/Applications/eclipse/jee-2019-03/Eclipse.app/Contents/Eclipse/configuration/org.eclipse.osgi/402/0/.cp/lib/javaagent-shaded.jar -Dfile.encoding=UTF-8 
java_command: com.filetransfer.transfer.DirectoryReceiver
java_class_path (initial): /Users/richardmarais/git/filetransfer-demo/filetransfer-demo/filetransfer-demo-server/target/classes:/Users/richardmarais/git/filetransfer-demo/filetransfer-demo/filetransfer-demo-commons/target/classes
Launcher Type: SUN_STANDARD

[Global flags]
     intx CICompilerCount                          = 4                                         {product} {ergonomic}
     uint ConcGCThreads                            = 2                                         {product} {ergonomic}
     uint G1ConcRefinementThreads                  = 8                                         {product} {ergonomic}
   size_t G1HeapRegionSize                         = 1048576                                   {product} {ergonomic}
    uintx GCDrainStackTargetSize                   = 64                                        {product} {ergonomic}
   size_t InitialHeapSize                          = 268435456                                 {product} {ergonomic}
   size_t MarkStackSize                            = 4194304                                   {product} {ergonomic}
   size_t MaxHeapSize                              = 4294967296                                {product} {ergonomic}
   size_t MaxNewSize                               = 2576351232                                {product} {ergonomic}
   size_t MinHeapDeltaBytes                        = 1048576                                   {product} {ergonomic}
    uintx NonNMethodCodeHeapSize                   = 5835340                                {pd product} {ergonomic}
    uintx NonProfiledCodeHeapSize                  = 122911450                              {pd product} {ergonomic}
    uintx ProfiledCodeHeapSize                     = 122911450                              {pd product} {ergonomic}
    uintx ReservedCodeCacheSize                    = 251658240                              {pd product} {ergonomic}
     bool SegmentedCodeCache                       = true                                      {product} {ergonomic}
     bool UseCompressedClassPointers               = true                                 {lp64_product} {ergonomic}
     bool UseCompressedOops                        = true                                 {lp64_product} {ergonomic}
     bool UseG1GC                                  = true                                      {product} {ergonomic}

Logging:
Log output configuration:
 #0: stdout all=warning uptime,level,tags
 #1: stderr all=off uptime,level,tags

Environment Variables:
PATH=/usr/bin:/bin:/usr/sbin:/sbin
SHELL=/bin/bash

Signal Handlers:
SIGSEGV: [libjvm.dylib+0x740f70], sa_mask[0]=11111111011111110111111111111111, sa_flags=SA_ONSTACK|SA_RESTART|SA_SIGINFO
SIGBUS: [libjvm.dylib+0x740f70], sa_mask[0]=11111111011111110111111111111111, sa_flags=SA_RESTART|SA_SIGINFO
SIGFPE: [libjvm.dylib+0x740f70], sa_mask[0]=11111111011111110111111111111111, sa_flags=SA_RESTART|SA_SIGINFO
SIGPIPE: [libjvm.dylib+0x5f3c5e], sa_mask[0]=11111111011111110111111111111111, sa_flags=SA_RESTART|SA_SIGINFO
SIGXFSZ: [libjvm.dylib+0x5f3c5e], sa_mask[0]=11111111011111110111111111111111, sa_flags=SA_RESTART|SA_SIGINFO
SIGILL: [libjvm.dylib+0x740f70], sa_mask[0]=11111111011111110111111111111111, sa_flags=SA_RESTART|SA_SIGINFO
SIGUSR2: [libjvm.dylib+0x5f4243], sa_mask[0]=00100000000000000000000000000000, sa_flags=SA_RESTART|SA_SIGINFO
SIGHUP: [libjvm.dylib+0x5f2c9f], sa_mask[0]=11111111011111110111111111111111, sa_flags=SA_RESTART|SA_SIGINFO
SIGINT: [libjvm.dylib+0x5f2c9f], sa_mask[0]=11111111011111110111111111111111, sa_flags=SA_RESTART|SA_SIGINFO
SIGTERM: [libjvm.dylib+0x5f2c9f], sa_mask[0]=11111111011111110111111111111111, sa_flags=SA_RESTART|SA_SIGINFO
SIGQUIT: [libjvm.dylib+0x5f2c9f], sa_mask[0]=11111111011111110111111111111111, sa_flags=SA_RESTART|SA_SIGINFO


---------------  S Y S T E M  ---------------

OS:uname:Darwin 18.5.0 Darwin Kernel Version 18.5.0: Mon Mar 11 20:40:32 PDT 2019; root:xnu-4903.251.3~3/RELEASE_X86_64 x86_64
rlimit: STACK 8192k, CORE 0k, NPROC 1418, NOFILE 10240, AS infinity, DATA infinity, FSIZE infinity
load average:2.60 2.60 2.60

CPU:total 8 (initial active 8) (4 cores per cpu, 2 threads per core) family 6 model 94 stepping 3, cmov, cx8, fxsr, mmx, sse, sse2, sse3, ssse3, sse4.1, sse4.2, popcnt, avx, avx2, aes, clmul, erms, rtm, 3dnowpref, lzcnt, ht, tsc, tscinvbit, bmi1, bmi2, adx, fma

Memory: 4k page, physical 16777216k(62488k free)

vm_info: Java HotSpot(TM) 64-Bit Server VM (11.0.3+12-LTS) for bsd-amd64 JRE (11.0.3+12-LTS), built on Apr  2 2019 19:33:35 by "mach5one" with gcc 4.2.1 Compatible Apple LLVM 9.1.0 (clang-902.0.39.2)

END.
